#
# There is insufficient memory for the Java Runtime Environment to continue.
# Native memory allocation (malloc) failed to allocate 1037616 bytes for Chunk::new
# Possible reasons:
#   The system is out of physical RAM or swap space
#   The process is running with CompressedOops enabled, and the Java Heap may be blocking the growth of the native heap
# Possible solutions:
#   Reduce memory load on the system
#   Increase physical memory or swap space
#   Check if swap backing store is full
#   Decrease Java heap size (-Xmx/-Xms)
#   Decrease number of Java threads
#   Decrease Java thread stack sizes (-Xss)
#   Set larger code cache with -XX:ReservedCodeCacheSize=
#   JVM is running with Unscaled Compressed Oops mode in which the Java heap is
#     placed in the first 4GB address space. The Java Heap base address is the
#     maximum limit for the native heap growth. Please use -XX:HeapBaseMinAddress
#     to set the Java Heap base and to place the Java Heap above 4GB virtual address.
# This output file may be truncated or incomplete.
#
#  Out of Memory Error (allocation.cpp:389), pid=13212, tid=0x00000000000015e0
#
# JRE version: Java(TM) SE Runtime Environment (8.0_221-b11) (build 1.8.0_221-b11)
# Java VM: Java HotSpot(TM) 64-Bit Server VM (25.221-b11 mixed mode windows-amd64 compressed oops)
# Failed to write core dump. Minidumps are not enabled by default on client versions of Windows
#

---------------  T H R E A D  ---------------

Current thread (0x000000001597c000):  JavaThread "C2 CompilerThread1" daemon [_thread_in_native, id=5600, stack(0x00000000170b0000,0x00000000171b0000)]

Stack: [0x00000000170b0000,0x00000000171b0000]
[error occurred during error reporting (printing stack bounds), id 0xc0000005]

Native frames: (J=compiled Java code, j=interpreted, Vv=VM code, C=native code)


Current CompileTask:
C2:  85574 5227       4       java.net.URLClassLoader$1::run (5 bytes)


---------------  P R O C E S S  ---------------

Java Threads: ( => current thread )
  0x000000001b1a7800 JavaThread "DestroyJavaVM" [_thread_blocked, id=10324, stack(0x00000000031b0000,0x00000000032b0000)]
  0x000000001b1ae000 JavaThread "http-nio-8080-Acceptor" daemon [_thread_in_native, id=896, stack(0x0000000021a60000,0x0000000021b60000)]
  0x000000001be10000 JavaThread "http-nio-8080-ClientPoller" daemon [_thread_in_native, id=5812, stack(0x0000000021960000,0x0000000021a60000)]
  0x000000001be12800 JavaThread "http-nio-8080-exec-10" daemon [_thread_blocked, id=7632, stack(0x0000000021860000,0x0000000021960000)]
  0x000000001be16000 JavaThread "http-nio-8080-exec-9" daemon [_thread_blocked, id=7140, stack(0x0000000021760000,0x0000000021860000)]
  0x000000001be11000 JavaThread "http-nio-8080-exec-8" daemon [_thread_blocked, id=12120, stack(0x0000000021660000,0x0000000021760000)]
  0x000000001be15800 JavaThread "http-nio-8080-exec-7" daemon [_thread_blocked, id=11952, stack(0x0000000021560000,0x0000000021660000)]
  0x000000001be13000 JavaThread "http-nio-8080-exec-6" daemon [_thread_blocked, id=11520, stack(0x0000000021460000,0x0000000021560000)]
  0x000000001be14800 JavaThread "http-nio-8080-exec-5" daemon [_thread_blocked, id=7076, stack(0x0000000021360000,0x0000000021460000)]
  0x000000001be11800 JavaThread "http-nio-8080-exec-4" daemon [_thread_blocked, id=13172, stack(0x0000000021260000,0x0000000021360000)]
  0x000000001be14000 JavaThread "http-nio-8080-exec-3" daemon [_thread_blocked, id=604, stack(0x0000000021160000,0x0000000021260000)]
  0x000000001be0f800 JavaThread "http-nio-8080-exec-2" daemon [_thread_blocked, id=4744, stack(0x0000000020db0000,0x0000000020eb0000)]
  0x000000001988d000 JavaThread "http-nio-8080-exec-1" daemon [_thread_blocked, id=12860, stack(0x0000000020cb0000,0x0000000020db0000)]
  0x0000000019893000 JavaThread "http-nio-8080-BlockPoller" daemon [_thread_in_native, id=10736, stack(0x000000001fb10000,0x000000001fc10000)]
  0x000000001988f000 JavaThread "HikariPool-1 housekeeper" daemon [_thread_blocked, id=5520, stack(0x000000001f910000,0x000000001fa10000)]
  0x000000001988d800 JavaThread "mysql-cj-abandoned-connection-cleanup" daemon [_thread_blocked, id=5876, stack(0x000000001f3a0000,0x000000001f4a0000)]
  0x0000000019892000 JavaThread "container-0" [_thread_blocked, id=12328, stack(0x000000001ce40000,0x000000001cf40000)]
  0x0000000019891800 JavaThread "Catalina-utility-2" [_thread_blocked, id=4084, stack(0x000000001cd40000,0x000000001ce40000)]
  0x000000001988e800 JavaThread "Catalina-utility-1" [_thread_blocked, id=4576, stack(0x000000001cc40000,0x000000001cd40000)]
  0x0000000017e84800 JavaThread "RMI TCP Accept-0" daemon [_thread_in_native, id=5472, stack(0x00000000184f0000,0x00000000185f0000)]
  0x0000000017e81800 JavaThread "RMI TCP Accept-57314" daemon [_thread_in_native, id=3240, stack(0x00000000183f0000,0x00000000184f0000)]
  0x0000000017e30800 JavaThread "RMI TCP Accept-0" daemon [_thread_in_native, id=5320, stack(0x00000000182f0000,0x00000000183f0000)]
  0x00000000172e0800 JavaThread "Service Thread" daemon [_thread_blocked, id=7740, stack(0x00000000176b0000,0x00000000177b0000)]
  0x000000001597e800 JavaThread "C1 CompilerThread2" daemon [_thread_blocked, id=5572, stack(0x00000000171b0000,0x00000000172b0000)]
=>0x000000001597c000 JavaThread "C2 CompilerThread1" daemon [_thread_in_native, id=5600, stack(0x00000000170b0000,0x00000000171b0000)]
  0x0000000015975800 JavaThread "C2 CompilerThread0" daemon [_thread_in_native, id=3052, stack(0x0000000016fb0000,0x00000000170b0000)]
  0x0000000015974800 JavaThread "Attach Listener" daemon [_thread_blocked, id=5480, stack(0x0000000016eb0000,0x0000000016fb0000)]
  0x0000000015974000 JavaThread "Signal Dispatcher" daemon [_thread_blocked, id=12432, stack(0x0000000016db0000,0x0000000016eb0000)]
  0x000000001595c000 JavaThread "Finalizer" daemon [_thread_blocked, id=7160, stack(0x0000000016bd0000,0x0000000016cd0000)]
  0x0000000015939000 JavaThread "Reference Handler" daemon [_thread_blocked, id=9672, stack(0x0000000016ad0000,0x0000000016bd0000)]

Other Threads:
  0x0000000015937800 VMThread [stack: 0x00000000169d0000,0x0000000016ad0000] [id=9312]
  0x0000000017e87800 WatcherThread [stack: 0x00000000185f0000,0x00000000186f0000] [id=4564]

VM state:not at safepoint (normal execution)

VM Mutex/Monitor currently owned by a thread: None

heap address: 0x00000000c1e00000, size: 994 MB, Compressed Oops mode: 32-bit
Narrow klass base: 0x0000000000000000, Narrow klass shift: 3
Compressed class space size: 1073741824 Address: 0x0000000100000000

Heap:
 PSYoungGen      total 198656K, used 72901K [0x00000000eb500000, 0x00000000f8680000, 0x0000000100000000)
  eden space 184832K, 39% used [0x00000000eb500000,0x00000000efc316f8,0x00000000f6980000)
  from space 13824K, 0% used [0x00000000f7900000,0x00000000f7900000,0x00000000f8680000)
  to   space 14848K, 0% used [0x00000000f6980000,0x00000000f6980000,0x00000000f7800000)
 ParOldGen       total 75776K, used 24794K [0x00000000c1e00000, 0x00000000c6800000, 0x00000000eb500000)
  object space 75776K, 32% used [0x00000000c1e00000,0x00000000c36368e8,0x00000000c6800000)
 Metaspace       used 60983K, capacity 63088K, committed 63320K, reserved 1103872K
  class space    used 8382K, capacity 8785K, committed 8832K, reserved 1048576K

Card table byte_map: [0x0000000012770000,0x0000000012970000] byte_map_base: 0x0000000012161000

Marking Bits: (ParMarkBitMap*) 0x0000000073025ce0
 Begin Bits: [0x0000000012ec0000, 0x0000000013e48000)
 End Bits:   [0x0000000013e48000, 0x0000000014dd0000)

Polling page: 0x0000000002f10000

CodeCache: size=245760Kb used=15578Kb max_used=16140Kb free=230181Kb
 bounds [0x00000000033b0000, 0x0000000004390000, 0x00000000123b0000]
 total_blobs=5147 nmethods=4573 adapters=486
 compilation: enabled

Compilation events (10 events):
Event: 85.179 Thread 0x000000001597e800 5242       2       java.nio.Buffer::nextGetIndex (31 bytes)
Event: 85.179 Thread 0x000000001597e800 nmethod 5242 0x0000000003fccdd0 code [0x0000000003fccf40, 0x0000000003fcd108]
Event: 85.179 Thread 0x000000001597e800 5243       3       java.nio.HeapByteBuffer::put (16 bytes)
Event: 85.179 Thread 0x000000001597e800 nmethod 5243 0x00000000034e58d0 code [0x00000000034e5a60, 0x00000000034e5e28]
Event: 85.179 Thread 0x000000001597e800 5244       3       org.apache.tomcat.util.buf.AbstractChunk::getLength (10 bytes)
Event: 85.180 Thread 0x000000001597e800 nmethod 5244 0x0000000003613a50 code [0x0000000003613ba0, 0x0000000003613cf0]
Event: 85.180 Thread 0x000000001597e800 5245       3       java.nio.StringCharBuffer::get (19 bytes)
Event: 85.180 Thread 0x000000001597e800 nmethod 5245 0x0000000003779910 code [0x0000000003779aa0, 0x0000000003779e78]
Event: 85.404 Thread 0x000000001597c000 nmethod 5203 0x0000000003dc0d90 code [0x0000000003dc1420, 0x0000000003dc63b0]
Event: 85.405 Thread 0x000000001597c000 5227       4       java.net.URLClassLoader$1::run (5 bytes)

GC Heap History (10 events):
Event: 8.567 GC heap before
{Heap before GC invocations=11 (full 1):
 PSYoungGen      total 110592K, used 25111K [0x00000000eb500000, 0x00000000f4c80000, 0x0000000100000000)
  eden space 102912K, 16% used [0x00000000eb500000,0x00000000ec60cb88,0x00000000f1980000)
  from space 7680K, 99% used [0x00000000f1980000,0x00000000f20f93a0,0x00000000f2100000)
  to   space 10240K, 0% used [0x00000000f4280000,0x00000000f4280000,0x00000000f4c80000)
 ParOldGen       total 32768K, used 13822K [0x00000000c1e00000, 0x00000000c3e00000, 0x00000000eb500000)
  object space 32768K, 42% used [0x00000000c1e00000,0x00000000c2b7f870,0x00000000c3e00000)
 Metaspace       used 34002K, capacity 35432K, committed 35456K, reserved 1079296K
  class space    used 4432K, capacity 4725K, committed 4736K, reserved 1048576K
Event: 8.585 GC heap after
Heap after GC invocations=11 (full 1):
 PSYoungGen      total 145408K, used 5332K [0x00000000eb500000, 0x00000000f5080000, 0x0000000100000000)
  eden space 135168K, 0% used [0x00000000eb500000,0x00000000eb500000,0x00000000f3900000)
  from space 10240K, 52% used [0x00000000f4280000,0x00000000f47b51d8,0x00000000f4c80000)
  to   space 9728K, 0% used [0x00000000f3900000,0x00000000f3900000,0x00000000f4280000)
 ParOldGen       total 32768K, used 17535K [0x00000000c1e00000, 0x00000000c3e00000, 0x00000000eb500000)
  object space 32768K, 53% used [0x00000000c1e00000,0x00000000c2f1fe30,0x00000000c3e00000)
 Metaspace       used 34002K, capacity 35432K, committed 35456K, reserved 1079296K
  class space    used 4432K, capacity 4725K, committed 4736K, reserved 1048576K
}
Event: 8.585 GC heap before
{Heap before GC invocations=12 (full 2):
 PSYoungGen      total 145408K, used 5332K [0x00000000eb500000, 0x00000000f5080000, 0x0000000100000000)
  eden space 135168K, 0% used [0x00000000eb500000,0x00000000eb500000,0x00000000f3900000)
  from space 10240K, 52% used [0x00000000f4280000,0x00000000f47b51d8,0x00000000f4c80000)
  to   space 9728K, 0% used [0x00000000f3900000,0x00000000f3900000,0x00000000f4280000)
 ParOldGen       total 32768K, used 17535K [0x00000000c1e00000, 0x00000000c3e00000, 0x00000000eb500000)
  object space 32768K, 53% used [0x00000000c1e00000,0x00000000c2f1fe30,0x00000000c3e00000)
 Metaspace       used 34002K, capacity 35432K, committed 35456K, reserved 1079296K
  class space    used 4432K, capacity 4725K, committed 4736K, reserved 1048576K
Event: 8.668 GC heap after
Heap after GC invocations=12 (full 2):
 PSYoungGen      total 145408K, used 0K [0x00000000eb500000, 0x00000000f5080000, 0x0000000100000000)
  eden space 135168K, 0% used [0x00000000eb500000,0x00000000eb500000,0x00000000f3900000)
  from space 10240K, 0% used [0x00000000f4280000,0x00000000f4280000,0x00000000f4c80000)
  to   space 9728K, 0% used [0x00000000f3900000,0x00000000f3900000,0x00000000f4280000)
 ParOldGen       total 50688K, used 14714K [0x00000000c1e00000, 0x00000000c4f80000, 0x00000000eb500000)
  object space 50688K, 29% used [0x00000000c1e00000,0x00000000c2c5e868,0x00000000c4f80000)
 Metaspace       used 34002K, capacity 35432K, committed 35456K, reserved 1079296K
  class space    used 4432K, capacity 4725K, committed 4736K, reserved 1048576K
}
Event: 12.227 GC heap before
{Heap before GC invocations=13 (full 2):
 PSYoungGen      total 145408K, used 135168K [0x00000000eb500000, 0x00000000f5080000, 0x0000000100000000)
  eden space 135168K, 100% used [0x00000000eb500000,0x00000000f3900000,0x00000000f3900000)
  from space 10240K, 0% used [0x00000000f4280000,0x00000000f4280000,0x00000000f4c80000)
  to   space 9728K, 0% used [0x00000000f3900000,0x00000000f3900000,0x00000000f4280000)
 ParOldGen       total 50688K, used 14714K [0x00000000c1e00000, 0x00000000c4f80000, 0x00000000eb500000)
  object space 50688K, 29% used [0x00000000c1e00000,0x00000000c2c5e868,0x00000000c4f80000)
 Metaspace       used 53320K, capacity 54982K, committed 55296K, reserved 1097728K
  class space    used 7245K, capacity 7566K, committed 7680K, reserved 1048576K
Event: 12.288 GC heap after
Heap after GC invocations=13 (full 2):
 PSYoungGen      total 144896K, used 9705K [0x00000000eb500000, 0x00000000f8800000, 0x0000000100000000)
  eden space 135168K, 0% used [0x00000000eb500000,0x00000000eb500000,0x00000000f3900000)
  from space 9728K, 99% used [0x00000000f3900000,0x00000000f427a738,0x00000000f4280000)
  to   space 15360K, 0% used [0x00000000f7900000,0x00000000f7900000,0x00000000f8800000)
 ParOldGen       total 50688K, used 27006K [0x00000000c1e00000, 0x00000000c4f80000, 0x00000000eb500000)
  object space 50688K, 53% used [0x00000000c1e00000,0x00000000c385fb18,0x00000000c4f80000)
 Metaspace       used 53320K, capacity 54982K, committed 55296K, reserved 1097728K
  class space    used 7245K, capacity 7566K, committed 7680K, reserved 1048576K
}
Event: 13.151 GC heap before
{Heap before GC invocations=14 (full 2):
 PSYoungGen      total 144896K, used 62265K [0x00000000eb500000, 0x00000000f8800000, 0x0000000100000000)
  eden space 135168K, 38% used [0x00000000eb500000,0x00000000ee853cf8,0x00000000f3900000)
  from space 9728K, 99% used [0x00000000f3900000,0x00000000f427a738,0x00000000f4280000)
  to   space 15360K, 0% used [0x00000000f7900000,0x00000000f7900000,0x00000000f8800000)
 ParOldGen       total 50688K, used 27006K [0x00000000c1e00000, 0x00000000c4f80000, 0x00000000eb500000)
  object space 50688K, 53% used [0x00000000c1e00000,0x00000000c385fb18,0x00000000c4f80000)
 Metaspace       used 57201K, capacity 58884K, committed 59096K, reserved 1099776K
  class space    used 7827K, capacity 8165K, committed 8192K, reserved 1048576K
Event: 13.172 GC heap after
Heap after GC invocations=14 (full 2):
 PSYoungGen      total 198656K, used 4877K [0x00000000eb500000, 0x00000000f8680000, 0x0000000100000000)
  eden space 184832K, 0% used [0x00000000eb500000,0x00000000eb500000,0x00000000f6980000)
  from space 13824K, 35% used [0x00000000f7900000,0x00000000f7dc3488,0x00000000f8680000)
  to   space 14848K, 0% used [0x00000000f6980000,0x00000000f6980000,0x00000000f7800000)
 ParOldGen       total 50688K, used 34311K [0x00000000c1e00000, 0x00000000c4f80000, 0x00000000eb500000)
  object space 50688K, 67% used [0x00000000c1e00000,0x00000000c3f81ff8,0x00000000c4f80000)
 Metaspace       used 57201K, capacity 58884K, committed 59096K, reserved 1099776K
  class space    used 7827K, capacity 8165K, committed 8192K, reserved 1048576K
}
Event: 13.172 GC heap before
{Heap before GC invocations=15 (full 3):
 PSYoungGen      total 198656K, used 4877K [0x00000000eb500000, 0x00000000f8680000, 0x0000000100000000)
  eden space 184832K, 0% used [0x00000000eb500000,0x00000000eb500000,0x00000000f6980000)
  from space 13824K, 35% used [0x00000000f7900000,0x00000000f7dc3488,0x00000000f8680000)
  to   space 14848K, 0% used [0x00000000f6980000,0x00000000f6980000,0x00000000f7800000)
 ParOldGen       total 50688K, used 34311K [0x00000000c1e00000, 0x00000000c4f80000, 0x00000000eb500000)
  object space 50688K, 67% used [0x00000000c1e00000,0x00000000c3f81ff8,0x00000000c4f80000)
 Metaspace       used 57201K, capacity 58884K, committed 59096K, reserved 1099776K
  class space    used 7827K, capacity 8165K, committed 8192K, reserved 1048576K
Event: 13.430 GC heap after
Heap after GC invocations=15 (full 3):
 PSYoungGen      total 198656K, used 0K [0x00000000eb500000, 0x00000000f8680000, 0x0000000100000000)
  eden space 184832K, 0% used [0x00000000eb500000,0x00000000eb500000,0x00000000f6980000)
  from space 13824K, 0% used [0x00000000f7900000,0x00000000f7900000,0x00000000f8680000)
  to   space 14848K, 0% used [0x00000000f6980000,0x00000000f6980000,0x00000000f7800000)
 ParOldGen       total 75776K, used 24794K [0x00000000c1e00000, 0x00000000c6800000, 0x00000000eb500000)
  object space 75776K, 32% used [0x00000000c1e00000,0x00000000c36368e8,0x00000000c6800000)
 Metaspace       used 57201K, capacity 58884K, committed 59096K, reserved 1099776K
  class space    used 7827K, capacity 8165K, committed 8192K, reserved 1048576K
}

Deoptimization events (10 events):
Event: 13.602 Thread 0x00000000032b5800 Uncommon trap: reason=null_check action=make_not_entrant pc=0x0000000004182074 method=java.lang.Class.privateGetDeclaredConstructors(Z)[Ljava/lang/reflect/Constructor; @ 35
Event: 13.784 Thread 0x00000000032b5800 Uncommon trap: reason=unstable_if action=reinterpret pc=0x00000000037fcba8 method=java.util.HashMap.getNode(ILjava/lang/Object;)Ljava/util/HashMap$Node; @ 84
Event: 13.784 Thread 0x00000000032b5800 Uncommon trap: reason=unstable_if action=reinterpret pc=0x00000000037f39dc method=java.util.HashMap.getNode(ILjava/lang/Object;)Ljava/util/HashMap$Node; @ 84
Event: 13.788 Thread 0x00000000032b5800 Uncommon trap: reason=unstable_if action=reinterpret pc=0x0000000003fbe158 method=java.util.concurrent.ConcurrentHashMap.putVal(Ljava/lang/Object;Ljava/lang/Object;Z)Ljava/lang/Object; @ 331
Event: 13.790 Thread 0x00000000032b5800 Uncommon trap: reason=unstable_if action=reinterpret pc=0x00000000037c11c4 method=java.util.concurrent.ConcurrentHashMap.get(Ljava/lang/Object;)Ljava/lang/Object; @ 86
Event: 14.026 Thread 0x00000000032b5800 Uncommon trap: reason=unstable_if action=reinterpret pc=0x000000000428d99c method=org.springframework.beans.factory.support.AbstractBeanFactory.isTypeMatch(Ljava/lang/String;Lorg/springframework/core/ResolvableType;)Z @ 26
Event: 14.241 Thread 0x00000000032b5800 Uncommon trap: reason=class_check action=maybe_recompile pc=0x00000000042f575c method=org.springframework.core.annotation.AnnotatedElementUtils.searchOnInterfaces(Ljava/lang/reflect/Method;Ljava/util/Set;Ljava/lang/String;Ljava/lang/Class;Lorg/springframe
Event: 14.241 Thread 0x00000000032b5800 Uncommon trap: reason=class_check action=maybe_recompile pc=0x00000000042f575c method=org.springframework.core.annotation.AnnotatedElementUtils.searchOnInterfaces(Ljava/lang/reflect/Method;Ljava/util/Set;Ljava/lang/String;Ljava/lang/Class;Lorg/springframe
Event: 14.241 Thread 0x00000000032b5800 Uncommon trap: reason=class_check action=maybe_recompile pc=0x00000000042f575c method=org.springframework.core.annotation.AnnotatedElementUtils.searchOnInterfaces(Ljava/lang/reflect/Method;Ljava/util/Set;Ljava/lang/String;Ljava/lang/Class;Lorg/springframe
Event: 14.241 Thread 0x00000000032b5800 Uncommon trap: reason=class_check action=maybe_recompile pc=0x00000000042f575c method=org.springframework.core.annotation.AnnotatedElementUtils.searchOnInterfaces(Ljava/lang/reflect/Method;Ljava/util/Set;Ljava/lang/String;Ljava/lang/Class;Lorg/springframe

Classes redefined (0 events):
No events

Internal exceptions (10 events):
Event: 12.940 Thread 0x00000000032b5800 Exception <a 'java/lang/ClassNotFoundException': org/springframework/beans/factory/BeanClassLoaderAwareCustomizer> (0x00000000edc75dd0) thrown at [C:\re\workspace\8-2-build-windows-amd64-cygwin\jdk8u221\13320\hotspot\src\share\vm\classfile\systemDictionar
Event: 12.941 Thread 0x00000000032b5800 Exception <a 'java/lang/ClassNotFoundException': org/springframework/beans/factory/AwareCustomizer> (0x00000000edc87368) thrown at [C:\re\workspace\8-2-build-windows-amd64-cygwin\jdk8u221\13320\hotspot\src\share\vm\classfile\systemDictionary.cpp, line 210
Event: 13.101 Thread 0x00000000032b5800 Exception <a 'java/lang/ClassNotFoundException': com/sun/org/glassfish/hk2/osgiresourcelocator/ServiceLoader> (0x00000000ee76f698) thrown at [C:\re\workspace\8-2-build-windows-amd64-cygwin\jdk8u221\13320\hotspot\src\share\vm\classfile\systemDictionary.cpp
Event: 13.106 Thread 0x00000000032b5800 Exception <a 'java/lang/NullPointerException'> (0x00000000ee77c4d0) thrown at [C:\re\workspace\8-2-build-windows-amd64-cygwin\jdk8u221\13320\hotspot\src\share\vm\interpreter\linkResolver.cpp, line 1287]
Event: 13.146 Thread 0x00000000032b5800 Implicit null exception at 0x00000000040aca2b to 0x00000000040ade9d
Event: 13.464 Thread 0x00000000032b5800 Exception <a 'java/lang/ClassNotFoundException': com/sun/org/glassfish/hk2/osgiresourcelocator/ServiceLoader> (0x00000000eb691708) thrown at [C:\re\workspace\8-2-build-windows-amd64-cygwin\jdk8u221\13320\hotspot\src\share\vm\classfile\systemDictionary.cpp
Event: 13.473 Thread 0x00000000032b5800 Exception <a 'java/lang/ClassNotFoundException': com/sun/org/glassfish/hk2/osgiresourcelocator/ServiceLoader> (0x00000000eb70c868) thrown at [C:\re\workspace\8-2-build-windows-amd64-cygwin\jdk8u221\13320\hotspot\src\share\vm\classfile\systemDictionary.cpp
Event: 13.486 Thread 0x00000000032b5800 Exception <a 'java/lang/ClassNotFoundException': com/sun/org/glassfish/hk2/osgiresourcelocator/ServiceLoader> (0x00000000eb7bd6e0) thrown at [C:\re\workspace\8-2-build-windows-amd64-cygwin\jdk8u221\13320\hotspot\src\share\vm\classfile\systemDictionary.cpp
Event: 13.569 Thread 0x00000000032b5800 Exception <a 'java/lang/ClassNotFoundException': com/sun/org/glassfish/hk2/osgiresourcelocator/ServiceLoader> (0x00000000ebc849c8) thrown at [C:\re\workspace\8-2-build-windows-amd64-cygwin\jdk8u221\13320\hotspot\src\share\vm\classfile\systemDictionary.cpp
Event: 85.174 Thread 0x000000001988d000 Exception <a 'java/lang/IllegalArgumentException': object is not an instance of declaring class> (0x00000000efb7c960) thrown at [C:\re\workspace\8-2-build-windows-amd64-cygwin\jdk8u221\13320\hotspot\src\share\vm\runtime\reflection.cpp, line 926]

Events (10 events):
Event: 85.404 Thread 0x000000001597c000 flushing nmethod 0x00000000034d8310
Event: 85.404 Thread 0x000000001597c000 flushing nmethod 0x00000000034dd2d0
Event: 85.405 Thread 0x000000001597c000 flushing nmethod 0x00000000034f2490
Event: 85.405 Thread 0x000000001597c000 flushing nmethod 0x00000000034f6a10
Event: 85.405 Thread 0x000000001597c000 flushing nmethod 0x0000000003504910
Event: 85.405 Thread 0x000000001597c000 flushing nmethod 0x0000000003505910
Event: 85.405 Thread 0x000000001597c000 flushing nmethod 0x0000000003505c10
Event: 85.405 Thread 0x000000001597c000 flushing nmethod 0x0000000003529650
Event: 85.405 Thread 0x000000001597c000 flushing nmethod 0x0000000003541450
Event: 85.405 Thread 0x000000001597c000 flushing nmethod 0x000000000354c890


Dynamic libraries:
0x00007ff696df0000 - 0x00007ff696e27000 	C:\Program Files\Java\jre1.8.0_221\bin\javaw.exe
0x00007fffa0410000 - 0x00007fffa05d1000 	C:\Windows\SYSTEM32\ntdll.dll
0x00007fff9d810000 - 0x00007fff9d8bd000 	C:\Windows\system32\KERNEL32.DLL
0x00007fff9cca0000 - 0x00007fff9ce88000 	C:\Windows\system32\KERNELBASE.dll
0x00007fff9fb50000 - 0x00007fff9fbf7000 	C:\Windows\system32\ADVAPI32.dll
0x00007fffa02b0000 - 0x00007fffa034d000 	C:\Windows\system32\msvcrt.dll
0x00007fff9f820000 - 0x00007fff9f87b000 	C:\Windows\system32\sechost.dll
0x00007fff9f880000 - 0x00007fff9f99c000 	C:\Windows\system32\RPCRT4.dll
0x00007fff9fee0000 - 0x00007fffa0036000 	C:\Windows\system32\USER32.dll
0x00007fffa0110000 - 0x00007fffa0296000 	C:\Windows\system32\GDI32.dll
0x00007fff8c2d0000 - 0x00007fff8c544000 	C:\Windows\WinSxS\amd64_microsoft.windows.common-controls_6595b64144ccf1df_6.0.10586.494_none_a2d8b04ea53e3145\COMCTL32.dll
0x00007fff9d8c0000 - 0x00007fff9db3d000 	C:\Windows\system32\combase.dll
0x00007fff9cc30000 - 0x00007fff9cc9a000 	C:\Windows\system32\bcryptPrimitives.dll
0x00007fff9fb10000 - 0x00007fff9fb4b000 	C:\Windows\system32\IMM32.DLL
0x0000000072720000 - 0x00000000727f2000 	C:\Program Files\Java\jre1.8.0_221\bin\msvcr100.dll
0x0000000072800000 - 0x00000000730a5000 	C:\Program Files\Java\jre1.8.0_221\bin\server\jvm.dll
0x00007fffa02a0000 - 0x00007fffa02a8000 	C:\Windows\system32\PSAPI.DLL
0x00007fff8d6b0000 - 0x00007fff8d6b9000 	C:\Windows\SYSTEM32\WSOCK32.dll
0x00007fff8e190000 - 0x00007fff8e19a000 	C:\Windows\SYSTEM32\VERSION.dll
0x00007fff9ae10000 - 0x00007fff9ae33000 	C:\Windows\SYSTEM32\WINMM.dll
0x00007fffa00a0000 - 0x00007fffa010b000 	C:\Windows\system32\WS2_32.dll
0x00007fff9abb0000 - 0x00007fff9abdc000 	C:\Windows\SYSTEM32\WINMMBASE.dll
0x00007fff9d6d0000 - 0x00007fff9d713000 	C:\Windows\system32\cfgmgr32.dll
0x00007fff9ac70000 - 0x00007fff9ac7f000 	C:\Program Files\Java\jre1.8.0_221\bin\verify.dll
0x00007fff986f0000 - 0x00007fff98719000 	C:\Program Files\Java\jre1.8.0_221\bin\java.dll
0x00007fff99830000 - 0x00007fff99846000 	C:\Program Files\Java\jre1.8.0_221\bin\zip.dll
0x00007fff9e2b0000 - 0x00007fff9f80c000 	C:\Windows\system32\SHELL32.dll
0x00007fff9ce90000 - 0x00007fff9d4d5000 	C:\Windows\system32\windows.storage.dll
0x00007fffa03b0000 - 0x00007fffa0402000 	C:\Windows\system32\shlwapi.dll
0x00007fff9ca30000 - 0x00007fff9ca3f000 	C:\Windows\system32\kernel.appcore.dll
0x00007fff9cb70000 - 0x00007fff9cc25000 	C:\Windows\system32\shcore.dll
0x00007fff9ca40000 - 0x00007fff9ca8b000 	C:\Windows\system32\powrprof.dll
0x00007fff9ca90000 - 0x00007fff9caa4000 	C:\Windows\system32\profapi.dll
0x00007fff9af20000 - 0x00007fff9af2d000 	C:\Program Files\Java\jre1.8.0_221\bin\management.dll
0x00007fff98910000 - 0x00007fff9892a000 	C:\Program Files\Java\jre1.8.0_221\bin\net.dll
0x00007fff8c060000 - 0x00007fff8c217000 	C:\Windows\SYSTEM32\urlmon.dll
0x00007fff8f860000 - 0x00007fff8fbe4000 	C:\Windows\SYSTEM32\iertutil.dll
0x00007fff9c300000 - 0x00007fff9c35c000 	C:\Windows\system32\mswsock.dll
0x00007fff986d0000 - 0x00007fff986e2000 	C:\Program Files\Java\jre1.8.0_221\bin\nio.dll
0x00007fff82c90000 - 0x00007fff82ca6000 	C:\Windows\system32\napinsp.dll
0x00007fff82cb0000 - 0x00007fff82cca000 	C:\Windows\system32\pnrpnsp.dll
0x00007fff9a0c0000 - 0x00007fff9a0d8000 	C:\Windows\system32\NLAapi.dll
0x00007fff9b470000 - 0x00007fff9b51a000 	C:\Windows\SYSTEM32\DNSAPI.dll
0x00007fff9e0f0000 - 0x00007fff9e0f8000 	C:\Windows\system32\NSI.dll
0x00007fff8dce0000 - 0x00007fff8dced000 	C:\Windows\System32\winrnr.dll
0x00007fff91190000 - 0x00007fff911a5000 	C:\Windows\System32\wshbth.dll
0x00007fff8f290000 - 0x00007fff8f29a000 	C:\Windows\System32\rasadhlp.dll
0x00007fff98b40000 - 0x00007fff98b78000 	C:\Windows\SYSTEM32\IPHLPAPI.DLL
0x00007fff98980000 - 0x00007fff989e7000 	C:\Windows\System32\fwpuclnt.dll
0x00007fff9c960000 - 0x00007fff9c989000 	C:\Windows\SYSTEM32\bcrypt.dll
0x00007fff9c3b0000 - 0x00007fff9c3c7000 	C:\Windows\SYSTEM32\CRYPTSP.dll
0x00007fff9c040000 - 0x00007fff9c074000 	C:\Windows\system32\rsaenh.dll
0x00007fff9c190000 - 0x00007fff9c1af000 	C:\Windows\SYSTEM32\USERENV.dll
0x00007fff9c4d0000 - 0x00007fff9c4db000 	C:\Windows\SYSTEM32\CRYPTBASE.dll
0x00007fff98950000 - 0x00007fff98966000 	C:\Windows\SYSTEM32\dhcpcsvc6.DLL
0x00007fff98930000 - 0x00007fff9894a000 	C:\Windows\SYSTEM32\dhcpcsvc.DLL
0x00007fff8f540000 - 0x00007fff8f564000 	C:\Program Files\Java\jre1.8.0_221\bin\sunec.dll
0x00007fff98a00000 - 0x00007fff98a0b000 	C:\Program Files\Java\jre1.8.0_221\bin\sunmscapi.dll
0x00007fff9d4e0000 - 0x00007fff9d6a8000 	C:\Windows\system32\CRYPT32.dll
0x00007fff9cab0000 - 0x00007fff9cac0000 	C:\Windows\system32\MSASN1.dll

VM Arguments:
jvm_args: -Dcom.sun.management.jmxremote -Dcom.sun.management.jmxremote.port=57314 -Dcom.sun.management.jmxremote.authenticate=false -Dcom.sun.management.jmxremote.ssl=false -Djava.rmi.server.hostname=localhost -Dspring.liveBeansView.mbeanDomain -Dspring.application.admin.enabled=true -Dfile.encoding=UTF-8 
java_command: com.example.demo.DemoApplication
java_class_path (initial): C:\Program Files\Java\jre1.8.0_221\lib\resources.jar;C:\Program Files\Java\jre1.8.0_221\lib\rt.jar;C:\Program Files\Java\jre1.8.0_221\lib\jsse.jar;C:\Program Files\Java\jre1.8.0_221\lib\jce.jar;C:\Program Files\Java\jre1.8.0_221\lib\charsets.jar;C:\Program Files\Java\jre1.8.0_221\lib\jfr.jar;C:\Program Files\Java\jre1.8.0_221\lib\ext\access-bridge-64.jar;C:\Program Files\Java\jre1.8.0_221\lib\ext\cldrdata.jar;C:\Program Files\Java\jre1.8.0_221\lib\ext\dnsns.jar;C:\Program Files\Java\jre1.8.0_221\lib\ext\jaccess.jar;C:\Program Files\Java\jre1.8.0_221\lib\ext\jfxrt.jar;C:\Program Files\Java\jre1.8.0_221\lib\ext\localedata.jar;C:\Program Files\Java\jre1.8.0_221\lib\ext\nashorn.jar;C:\Program Files\Java\jre1.8.0_221\lib\ext\sunec.jar;C:\Program Files\Java\jre1.8.0_221\lib\ext\sunjce_provider.jar;C:\Program Files\Java\jre1.8.0_221\lib\ext\sunmscapi.jar;C:\Program Files\Java\jre1.8.0_221\lib\ext\sunpkcs11.jar;C:\Program Files\Java\jre1.8.0_221\lib\ext\zipfs.jar;D:\Workspace\demo\target\classes;D:\Workspace\springrest4\springrest4\WebContent\WEB-INF\lib\mysql-connector-java-8.0.17.jar;C:\Users\kousik\.m2\repository\org\springframework\boot\spring-boot-starter-data-jpa\2.1.7.RELEASE\spring-boot-starter-data-jpa-2.1.7.RELEASE.jar;C:\Users\kousik\.m2\repository\org\springframework\boot\spring-boot-starter-aop\2.1.7.RELEASE\spring-boot-starter-aop-2.1.7.RELEASE.jar;C:\Users\kousik\.m2\repository\org\aspectj\aspectjweaver\1.9.4\aspectjweaver-1.9.4.jar;C:\Users\kousik\.m2\repository\org\springframework\boot\spring-boot-starter-jdbc\2.1.7.RELEASE\spring-boot-starter-jdbc-2.1.7.RELEASE.jar;C:\Users\kousik\.m2\repository\com\zaxxer\HikariCP\3.2.0\HikariCP-3.2.0.jar;C:\Users\kousik\.m2\repository\org\springframework\spring-jdbc\5.1.9.RELEASE\spring-jdbc-5.1.9.RELEASE.jar;C:\Users\kousik\.m2\repository\javax\transaction\javax.transaction-api\1.3\javax.transaction-api-1.3.jar;C:\Users\kousik\.m2\repository\javax\xml\bind\jaxb-api\2.3.1\jaxb-api-2.3.1.jar;C
Launcher Type: SUN_STANDARD

Environment Variables:
PATH=C:/Program Files/Java/jre1.8.0_221/bin/server;C:/Program Files/Java/jre1.8.0_221/bin;C:/Program Files/Java/jre1.8.0_221/lib/amd64;C:\Program Files (x86)\Common Files\Oracle\Java\javapath;C:\Program Files (x86)\Java\jdk1.8.0_221\bin;C:\Program Files\nodejs\;C:\Windows\System32\wbem;C:\Program Files\Microsoft VS Code\bin;C:\Program Files\MySQL\MySQL Shell 8.0\bin\;C:\Users\kousik\AppData\Roaming\npm;D:\eclipse-jee-oxygen\eclipse;
USERNAME=kousik
OS=Windows_NT
PROCESSOR_IDENTIFIER=Intel64 Family 6 Model 78 Stepping 3, GenuineIntel



---------------  S Y S T E M  ---------------

OS: Windows 10.0 , 64 bit Build 10586 (10.0.10586.0)

CPU:total 4 (initial active 4) (2 cores per cpu, 2 threads per core) family 6 model 78 stepping 3, cmov, cx8, fxsr, mmx, sse, sse2, sse3, ssse3, sse4.1, sse4.2, popcnt, avx, avx2, aes, clmul, erms, 3dnowpref, lzcnt, ht, tsc, tscinvbit, bmi1, bmi2, adx

Memory: 4k page, physical 4066020k(220952k free), swap 9244896k(5120k free)

vm_info: Java HotSpot(TM) 64-Bit Server VM (25.221-b11) for windows-amd64 JRE (1.8.0_221-b11), built on Jul  4 2019 04:39:29 by "java_re" with MS VC++ 10.0 (VS2010)

time: Sun Sep 15 02:07:28 2019
timezone: India Standard Time
elapsed time: 85 seconds (0d 0h 1m 25s)

