#
# There is insufficient memory for the Java Runtime Environment to continue.
# Native memory allocation (malloc) failed to allocate 1060736 bytes for Chunk::new
# Possible reasons:
#   The system is out of physical RAM or swap space
#   The process is running with CompressedOops enabled, and the Java Heap may be blocking the growth of the native heap
# Possible solutions:
#   Reduce memory load on the system
#   Increase physical memory or swap space
#   Check if swap backing store is full
#   Decrease Java heap size (-Xmx/-Xms)
#   Decrease number of Java threads
#   Decrease Java thread stack sizes (-Xss)
#   Set larger code cache with -XX:ReservedCodeCacheSize=
#   JVM is running with Unscaled Compressed Oops mode in which the Java heap is
#     placed in the first 4GB address space. The Java Heap base address is the
#     maximum limit for the native heap growth. Please use -XX:HeapBaseMinAddress
#     to set the Java Heap base and to place the Java Heap above 4GB virtual address.
# This output file may be truncated or incomplete.
#
#  Out of Memory Error (allocation.cpp:389), pid=1824, tid=0x0000000000000f98
#
# JRE version: Java(TM) SE Runtime Environment (8.0_221-b11) (build 1.8.0_221-b11)
# Java VM: Java HotSpot(TM) 64-Bit Server VM (25.221-b11 mixed mode windows-amd64 compressed oops)
# Failed to write core dump. Minidumps are not enabled by default on client versions of Windows
#

---------------  T H R E A D  ---------------

Current thread (0x0000000014c64000):  JavaThread "C2 CompilerThread1" daemon [_thread_in_native, id=3992, stack(0x0000000016380000,0x0000000016480000)]

Stack: [0x0000000016380000,0x0000000016480000]
[error occurred during error reporting (printing stack bounds), id 0xc0000005]

Native frames: (J=compiled Java code, j=interpreted, Vv=VM code, C=native code)


Current CompileTask:
C2:  13732 4513   !   4       java.net.URLClassLoader$1::run (63 bytes)


---------------  P R O C E S S  ---------------

Java Threads: ( => current thread )
  0x0000000019c14000 JavaThread "HikariPool-1 connection adder" daemon [_thread_blocked, id=4836, stack(0x000000001dde0000,0x000000001dee0000)]
  0x0000000019c18800 JavaThread "HikariPool-1 housekeeper" daemon [_thread_blocked, id=12604, stack(0x000000001dce0000,0x000000001dde0000)]
  0x0000000019c16800 JavaThread "mysql-cj-abandoned-connection-cleanup" daemon [_thread_blocked, id=5360, stack(0x000000001c2f0000,0x000000001c3f0000)]
  0x0000000019c13800 JavaThread "container-0" [_thread_blocked, id=8788, stack(0x000000001c1f0000,0x000000001c2f0000)]
  0x0000000019c18000 JavaThread "Catalina-utility-2" [_thread_blocked, id=9444, stack(0x000000001b0b0000,0x000000001b1b0000)]
  0x0000000019c15800 JavaThread "Catalina-utility-1" [_thread_blocked, id=13152, stack(0x000000001ad40000,0x000000001ae40000)]
  0x000000001714e800 JavaThread "RMI TCP Accept-0" daemon [_thread_in_native, id=9248, stack(0x00000000177c0000,0x00000000178c0000)]
  0x000000001714c000 JavaThread "RMI TCP Accept-57339" daemon [_thread_in_native, id=7848, stack(0x00000000176c0000,0x00000000177c0000)]
  0x0000000017131800 JavaThread "RMI TCP Accept-0" daemon [_thread_in_native, id=12152, stack(0x00000000175c0000,0x00000000176c0000)]
  0x00000000165b3000 JavaThread "Service Thread" daemon [_thread_blocked, id=10504, stack(0x0000000016980000,0x0000000016a80000)]
  0x0000000014c67000 JavaThread "C1 CompilerThread2" daemon [_thread_blocked, id=4672, stack(0x0000000016480000,0x0000000016580000)]
=>0x0000000014c64000 JavaThread "C2 CompilerThread1" daemon [_thread_in_native, id=3992, stack(0x0000000016380000,0x0000000016480000)]
  0x0000000014c53800 JavaThread "C2 CompilerThread0" daemon [_thread_in_native, id=1500, stack(0x0000000016280000,0x0000000016380000)]
  0x0000000014c52000 JavaThread "Attach Listener" daemon [_thread_blocked, id=5400, stack(0x0000000016180000,0x0000000016280000)]
  0x0000000014c5a800 JavaThread "Signal Dispatcher" daemon [_thread_blocked, id=9884, stack(0x0000000016080000,0x0000000016180000)]
  0x0000000014c3b800 JavaThread "Finalizer" daemon [_thread_blocked, id=11296, stack(0x0000000015ea0000,0x0000000015fa0000)]
  0x0000000002684000 JavaThread "Reference Handler" daemon [_thread_blocked, id=8336, stack(0x0000000015da0000,0x0000000015ea0000)]
  0x0000000002595800 JavaThread "main" [_thread_in_vm, id=10136, stack(0x0000000002490000,0x0000000002590000)]

Other Threads:
  0x0000000014c18000 VMThread [stack: 0x0000000015ca0000,0x0000000015da0000] [id=4424]
  0x0000000017151800 WatcherThread [stack: 0x00000000178c0000,0x00000000179c0000] [id=280]

VM state:not at safepoint (normal execution)

VM Mutex/Monitor currently owned by a thread: None

heap address: 0x00000000c1e00000, size: 994 MB, Compressed Oops mode: 32-bit
Narrow klass base: 0x0000000000000000, Narrow klass shift: 3
Compressed class space size: 1073741824 Address: 0x0000000100000000

Heap:
 PSYoungGen      total 193536K, used 9931K [0x00000000eb500000, 0x00000000f8380000, 0x0000000100000000)
  eden space 180736K, 5% used [0x00000000eb500000,0x00000000ebeb2df8,0x00000000f6580000)
  from space 12800K, 0% used [0x00000000f7700000,0x00000000f7700000,0x00000000f8380000)
  to   space 15360K, 0% used [0x00000000f6580000,0x00000000f6580000,0x00000000f7480000)
 ParOldGen       total 77312K, used 24616K [0x00000000c1e00000, 0x00000000c6980000, 0x00000000eb500000)
  object space 77312K, 31% used [0x00000000c1e00000,0x00000000c360a2d8,0x00000000c6980000)
 Metaspace       used 57407K, capacity 59158K, committed 59544K, reserved 1099776K
  class space    used 7884K, capacity 8234K, committed 8360K, reserved 1048576K

Card table byte_map: [0x0000000011a50000,0x0000000011c50000] byte_map_base: 0x0000000011441000

Marking Bits: (ParMarkBitMap*) 0x0000000073025ce0
 Begin Bits: [0x00000000121a0000, 0x0000000013128000)
 End Bits:   [0x0000000013128000, 0x00000000140b0000)

Polling page: 0x00000000022d0000

CodeCache: size=245760Kb used=15389Kb max_used=15389Kb free=230370Kb
 bounds [0x0000000002690000, 0x00000000035b0000, 0x0000000011690000]
 total_blobs=4918 nmethods=4360 adapters=470
 compilation: enabled

Compilation events (10 events):
Event: 13.699 Thread 0x0000000014c67000 4832       3       org.springframework.beans.TypeConverterSupport::<init> (5 bytes)
Event: 13.699 Thread 0x0000000014c67000 nmethod 4832 0x000000000359f5d0 code [0x000000000359f740, 0x000000000359f950]
Event: 13.699 Thread 0x0000000014c67000 4831       3       org.springframework.aop.support.annotation.AnnotationClassFilter::matches (27 bytes)
Event: 13.701 Thread 0x0000000014c67000 nmethod 4831 0x000000000359fa50 code [0x000000000359fd00, 0x00000000035a1148]
Event: 13.701 Thread 0x0000000014c67000 4833       3       org.springframework.aop.framework.autoproxy.ProxyCreationContext::setCurrentProxiedBeanName (21 bytes)
Event: 13.702 Thread 0x0000000014c67000 nmethod 4833 0x00000000035a1e10 code [0x00000000035a1fe0, 0x00000000035a28a8]
Event: 13.702 Thread 0x0000000014c67000 4834       1       org.springframework.dao.annotation.PersistenceExceptionTranslationAdvisor::getPointcut (5 bytes)
Event: 13.702 Thread 0x0000000014c67000 nmethod 4834 0x00000000035a2cd0 code [0x00000000035a2e20, 0x00000000035a2f30]
Event: 13.718 Thread 0x0000000014c67000 4836       3       java.lang.invoke.InnerClassLambdaMetafactory::generateFactory (136 bytes)
Event: 13.721 Thread 0x0000000014c67000 nmethod 4836 0x00000000035a2f90 code [0x00000000035a3340, 0x00000000035a50c8]

GC Heap History (10 events):
Event: 8.458 GC heap before
{Heap before GC invocations=11 (full 1):
 PSYoungGen      total 111616K, used 23633K [0x00000000eb500000, 0x00000000f4e80000, 0x0000000100000000)
  eden space 103936K, 15% used [0x00000000eb500000,0x00000000ec49b378,0x00000000f1a80000)
  from space 7680K, 99% used [0x00000000f1a80000,0x00000000f21f93a0,0x00000000f2200000)
  to   space 10240K, 0% used [0x00000000f4480000,0x00000000f4480000,0x00000000f4e80000)
 ParOldGen       total 32768K, used 13627K [0x00000000c1e00000, 0x00000000c3e00000, 0x00000000eb500000)
  object space 32768K, 41% used [0x00000000c1e00000,0x00000000c2b4ecd8,0x00000000c3e00000)
 Metaspace       used 34008K, capacity 35400K, committed 35496K, reserved 1079296K
  class space    used 4431K, capacity 4693K, committed 4776K, reserved 1048576K
Event: 8.472 GC heap after
Heap after GC invocations=11 (full 1):
 PSYoungGen      total 147456K, used 4808K [0x00000000eb500000, 0x00000000f5100000, 0x0000000100000000)
  eden space 137216K, 0% used [0x00000000eb500000,0x00000000eb500000,0x00000000f3b00000)
  from space 10240K, 46% used [0x00000000f4480000,0x00000000f4932140,0x00000000f4e80000)
  to   space 9728K, 0% used [0x00000000f3b00000,0x00000000f3b00000,0x00000000f4480000)
 ParOldGen       total 32768K, used 17888K [0x00000000c1e00000, 0x00000000c3e00000, 0x00000000eb500000)
  object space 32768K, 54% used [0x00000000c1e00000,0x00000000c2f78288,0x00000000c3e00000)
 Metaspace       used 34008K, capacity 35400K, committed 35496K, reserved 1079296K
  class space    used 4431K, capacity 4693K, committed 4776K, reserved 1048576K
}
Event: 8.472 GC heap before
{Heap before GC invocations=12 (full 2):
 PSYoungGen      total 147456K, used 4808K [0x00000000eb500000, 0x00000000f5100000, 0x0000000100000000)
  eden space 137216K, 0% used [0x00000000eb500000,0x00000000eb500000,0x00000000f3b00000)
  from space 10240K, 46% used [0x00000000f4480000,0x00000000f4932140,0x00000000f4e80000)
  to   space 9728K, 0% used [0x00000000f3b00000,0x00000000f3b00000,0x00000000f4480000)
 ParOldGen       total 32768K, used 17888K [0x00000000c1e00000, 0x00000000c3e00000, 0x00000000eb500000)
  object space 32768K, 54% used [0x00000000c1e00000,0x00000000c2f78288,0x00000000c3e00000)
 Metaspace       used 34008K, capacity 35400K, committed 35496K, reserved 1079296K
  class space    used 4431K, capacity 4693K, committed 4776K, reserved 1048576K
Event: 8.579 GC heap after
Heap after GC invocations=12 (full 2):
 PSYoungGen      total 147456K, used 0K [0x00000000eb500000, 0x00000000f5100000, 0x0000000100000000)
  eden space 137216K, 0% used [0x00000000eb500000,0x00000000eb500000,0x00000000f3b00000)
  from space 10240K, 0% used [0x00000000f4480000,0x00000000f4480000,0x00000000f4e80000)
  to   space 9728K, 0% used [0x00000000f3b00000,0x00000000f3b00000,0x00000000f4480000)
 ParOldGen       total 51200K, used 14151K [0x00000000c1e00000, 0x00000000c5000000, 0x00000000eb500000)
  object space 51200K, 27% used [0x00000000c1e00000,0x00000000c2bd1c68,0x00000000c5000000)
 Metaspace       used 34008K, capacity 35400K, committed 35496K, reserved 1079296K
  class space    used 4431K, capacity 4693K, committed 4776K, reserved 1048576K
}
Event: 12.255 GC heap before
{Heap before GC invocations=13 (full 2):
 PSYoungGen      total 147456K, used 137216K [0x00000000eb500000, 0x00000000f5100000, 0x0000000100000000)
  eden space 137216K, 100% used [0x00000000eb500000,0x00000000f3b00000,0x00000000f3b00000)
  from space 10240K, 0% used [0x00000000f4480000,0x00000000f4480000,0x00000000f4e80000)
  to   space 9728K, 0% used [0x00000000f3b00000,0x00000000f3b00000,0x00000000f4480000)
 ParOldGen       total 51200K, used 14151K [0x00000000c1e00000, 0x00000000c5000000, 0x00000000eb500000)
  object space 51200K, 27% used [0x00000000c1e00000,0x00000000c2bd1c68,0x00000000c5000000)
 Metaspace       used 53531K, capacity 55236K, committed 55592K, reserved 1097728K
  class space    used 7270K, capacity 7603K, committed 7720K, reserved 1048576K
Event: 12.284 GC heap after
Heap after GC invocations=13 (full 2):
 PSYoungGen      total 146944K, used 9719K [0x00000000eb500000, 0x00000000f8680000, 0x0000000100000000)
  eden space 137216K, 0% used [0x00000000eb500000,0x00000000eb500000,0x00000000f3b00000)
  from space 9728K, 99% used [0x00000000f3b00000,0x00000000f447dc20,0x00000000f4480000)
  to   space 15872K, 0% used [0x00000000f7700000,0x00000000f7700000,0x00000000f8680000)
 ParOldGen       total 51200K, used 26893K [0x00000000c1e00000, 0x00000000c5000000, 0x00000000eb500000)
  object space 51200K, 52% used [0x00000000c1e00000,0x00000000c3843578,0x00000000c5000000)
 Metaspace       used 53531K, capacity 55236K, committed 55592K, reserved 1097728K
  class space    used 7270K, capacity 7603K, committed 7720K, reserved 1048576K
}
Event: 13.292 GC heap before
{Heap before GC invocations=14 (full 2):
 PSYoungGen      total 146944K, used 62755K [0x00000000eb500000, 0x00000000f8680000, 0x0000000100000000)
  eden space 137216K, 38% used [0x00000000eb500000,0x00000000ee8cb148,0x00000000f3b00000)
  from space 9728K, 99% used [0x00000000f3b00000,0x00000000f447dc20,0x00000000f4480000)
  to   space 15872K, 0% used [0x00000000f7700000,0x00000000f7700000,0x00000000f8680000)
 ParOldGen       total 51200K, used 26893K [0x00000000c1e00000, 0x00000000c5000000, 0x00000000eb500000)
  object space 51200K, 52% used [0x00000000c1e00000,0x00000000c3843578,0x00000000c5000000)
 Metaspace       used 57194K, capacity 58916K, committed 59160K, reserved 1099776K
  class space    used 7831K, capacity 8197K, committed 8232K, reserved 1048576K
Event: 13.307 GC heap after
Heap after GC invocations=14 (full 2):
 PSYoungGen      total 193536K, used 4598K [0x00000000eb500000, 0x00000000f8380000, 0x0000000100000000)
  eden space 180736K, 0% used [0x00000000eb500000,0x00000000eb500000,0x00000000f6580000)
  from space 12800K, 35% used [0x00000000f7700000,0x00000000f7b7d8f8,0x00000000f8380000)
  to   space 15360K, 0% used [0x00000000f6580000,0x00000000f6580000,0x00000000f7480000)
 ParOldGen       total 51200K, used 34346K [0x00000000c1e00000, 0x00000000c5000000, 0x00000000eb500000)
  object space 51200K, 67% used [0x00000000c1e00000,0x00000000c3f8aae0,0x00000000c5000000)
 Metaspace       used 57194K, capacity 58916K, committed 59160K, reserved 1099776K
  class space    used 7831K, capacity 8197K, committed 8232K, reserved 1048576K
}
Event: 13.307 GC heap before
{Heap before GC invocations=15 (full 3):
 PSYoungGen      total 193536K, used 4598K [0x00000000eb500000, 0x00000000f8380000, 0x0000000100000000)
  eden space 180736K, 0% used [0x00000000eb500000,0x00000000eb500000,0x00000000f6580000)
  from space 12800K, 35% used [0x00000000f7700000,0x00000000f7b7d8f8,0x00000000f8380000)
  to   space 15360K, 0% used [0x00000000f6580000,0x00000000f6580000,0x00000000f7480000)
 ParOldGen       total 51200K, used 34346K [0x00000000c1e00000, 0x00000000c5000000, 0x00000000eb500000)
  object space 51200K, 67% used [0x00000000c1e00000,0x00000000c3f8aae0,0x00000000c5000000)
 Metaspace       used 57194K, capacity 58916K, committed 59160K, reserved 1099776K
  class space    used 7831K, capacity 8197K, committed 8232K, reserved 1048576K
Event: 13.588 GC heap after
Heap after GC invocations=15 (full 3):
 PSYoungGen      total 193536K, used 0K [0x00000000eb500000, 0x00000000f8380000, 0x0000000100000000)
  eden space 180736K, 0% used [0x00000000eb500000,0x00000000eb500000,0x00000000f6580000)
  from space 12800K, 0% used [0x00000000f7700000,0x00000000f7700000,0x00000000f8380000)
  to   space 15360K, 0% used [0x00000000f6580000,0x00000000f6580000,0x00000000f7480000)
 ParOldGen       total 77312K, used 24616K [0x00000000c1e00000, 0x00000000c6980000, 0x00000000eb500000)
  object space 77312K, 31% used [0x00000000c1e00000,0x00000000c360a2d8,0x00000000c6980000)
 Metaspace       used 57194K, capacity 58916K, committed 59160K, reserved 1099776K
  class space    used 7831K, capacity 8197K, committed 8232K, reserved 1048576K
}

Deoptimization events (10 events):
Event: 12.426 Thread 0x0000000002595800 Uncommon trap: reason=unstable_if action=reinterpret pc=0x000000000308898c method=org.springframework.beans.factory.support.AbstractAutowireCapableBeanFactory.predictBeanType(Ljava/lang/String;Lorg/springframework/beans/factory/support/RootBeanDefinition;
Event: 12.427 Thread 0x0000000002595800 Uncommon trap: reason=class_check action=maybe_recompile pc=0x00000000031c9018 method=org.springframework.beans.factory.support.AbstractBeanFactory.isTypeMatch(Ljava/lang/String;Lorg/springframework/core/ResolvableType;)Z @ 47
Event: 13.278 Thread 0x0000000002595800 Uncommon trap: reason=unstable_if action=reinterpret pc=0x00000000034a5e18 method=java.lang.reflect.Constructor.newInstance([Ljava/lang/Object;)Ljava/lang/Object; @ 18
Event: 13.284 Thread 0x0000000002595800 Uncommon trap: reason=class_check action=maybe_recompile pc=0x0000000002f6d6d8 method=java.io.DataInputStream.readUnsignedShort()I @ 4
Event: 13.284 Thread 0x0000000002595800 Uncommon trap: reason=class_check action=maybe_recompile pc=0x0000000002f6d6d8 method=java.io.DataInputStream.readUnsignedShort()I @ 4
Event: 13.284 Thread 0x0000000002595800 Uncommon trap: reason=class_check action=maybe_recompile pc=0x0000000002f6d6d8 method=java.io.DataInputStream.readUnsignedShort()I @ 4
Event: 13.284 Thread 0x0000000002595800 Uncommon trap: reason=class_check action=maybe_recompile pc=0x0000000002f6d6d8 method=java.io.DataInputStream.readUnsignedShort()I @ 4
Event: 13.285 Thread 0x0000000002595800 Uncommon trap: reason=unstable_if action=reinterpret pc=0x0000000002f7344c method=java.lang.ClassLoader.preDefineClass(Ljava/lang/String;Ljava/security/ProtectionDomain;)Ljava/security/ProtectionDomain; @ 86
Event: 13.600 Thread 0x0000000002595800 Uncommon trap: reason=unstable_if action=reinterpret pc=0x000000000321c864 method=org.springframework.core.annotation.AnnotationUtils.findAnnotation(Ljava/lang/Class;Ljava/lang/Class;Ljava/util/Set;)Ljava/lang/annotation/Annotation; @ 77
Event: 13.606 Thread 0x0000000002595800 Uncommon trap: reason=null_check action=make_not_entrant pc=0x0000000003576af4 method=org.springframework.core.annotation.AnnotatedElementUtils.searchWithFindSemantics(Ljava/lang/reflect/AnnotatedElement;Ljava/util/Set;Ljava/lang/String;Ljava/lang/Class;L

Classes redefined (0 events):
No events

Internal exceptions (10 events):
Event: 13.007 Thread 0x0000000002595800 Exception <a 'java/lang/ClassNotFoundException': org/springframework/beans/factory/AwareCustomizer> (0x00000000eda1fce0) thrown at [C:\re\workspace\8-2-build-windows-amd64-cygwin\jdk8u221\13320\hotspot\src\share\vm\classfile\systemDictionary.cpp, line 210
Event: 13.007 Thread 0x0000000002595800 Exception <a 'java/lang/ClassNotFoundException': org/springframework/beans/factory/BeanClassLoaderAwareCustomizer> (0x00000000eda33720) thrown at [C:\re\workspace\8-2-build-windows-amd64-cygwin\jdk8u221\13320\hotspot\src\share\vm\classfile\systemDictionar
Event: 13.008 Thread 0x0000000002595800 Exception <a 'java/lang/ClassNotFoundException': org/springframework/beans/factory/AwareCustomizer> (0x00000000eda44cb8) thrown at [C:\re\workspace\8-2-build-windows-amd64-cygwin\jdk8u221\13320\hotspot\src\share\vm\classfile\systemDictionary.cpp, line 210
Event: 13.231 Thread 0x0000000002595800 Exception <a 'java/lang/ClassNotFoundException': com/sun/org/glassfish/hk2/osgiresourcelocator/ServiceLoader> (0x00000000ee6b4620) thrown at [C:\re\workspace\8-2-build-windows-amd64-cygwin\jdk8u221\13320\hotspot\src\share\vm\classfile\systemDictionary.cpp
Event: 13.237 Thread 0x0000000002595800 Exception <a 'java/lang/NullPointerException'> (0x00000000ee6c1458) thrown at [C:\re\workspace\8-2-build-windows-amd64-cygwin\jdk8u221\13320\hotspot\src\share\vm\interpreter\linkResolver.cpp, line 1287]
Event: 13.285 Thread 0x0000000002595800 Implicit null exception at 0x0000000002f71fac to 0x0000000002f73431
Event: 13.606 Thread 0x0000000002595800 Implicit null exception at 0x00000000035702f5 to 0x0000000003576ab5
Event: 13.619 Thread 0x0000000002595800 Exception <a 'java/lang/ClassNotFoundException': com/sun/org/glassfish/hk2/osgiresourcelocator/ServiceLoader> (0x00000000eb694cf0) thrown at [C:\re\workspace\8-2-build-windows-amd64-cygwin\jdk8u221\13320\hotspot\src\share\vm\classfile\systemDictionary.cpp
Event: 13.628 Thread 0x0000000002595800 Exception <a 'java/lang/ClassNotFoundException': com/sun/org/glassfish/hk2/osgiresourcelocator/ServiceLoader> (0x00000000eb7105b0) thrown at [C:\re\workspace\8-2-build-windows-amd64-cygwin\jdk8u221\13320\hotspot\src\share\vm\classfile\systemDictionary.cpp
Event: 13.643 Thread 0x0000000002595800 Exception <a 'java/lang/ClassNotFoundException': com/sun/org/glassfish/hk2/osgiresourcelocator/ServiceLoader> (0x00000000eb7c2ee0) thrown at [C:\re\workspace\8-2-build-windows-amd64-cygwin\jdk8u221\13320\hotspot\src\share\vm\classfile\systemDictionary.cpp

Events (10 events):
Event: 13.718 loading class org/springframework/security/web/util/matcher/RequestMatcher
Event: 13.718 loading class org/springframework/security/web/util/matcher/RequestMatcher done
Event: 13.718 loading class org/springframework/security/web/access/expression/WebExpressionConfigAttribute
Event: 13.718 loading class org/springframework/security/web/access/expression/WebExpressionConfigAttribute done
Event: 13.720 loading class org/springframework/security/web/access/expression/WebExpressionVoter
Event: 13.720 loading class org/springframework/security/web/access/expression/WebExpressionVoter done
Event: 13.725 loading class org/springframework/security/web/authentication/RememberMeServices
Event: 13.725 loading class org/springframework/security/web/authentication/RememberMeServices done
Event: 13.726 loading class org/springframework/security/web/authentication/NullRememberMeServices
Event: 13.726 loading class org/springframework/security/web/authentication/NullRememberMeServices done


Dynamic libraries:
0x00007ff696df0000 - 0x00007ff696e27000 	C:\Program Files\Java\jre1.8.0_221\bin\javaw.exe
0x00007fffa0410000 - 0x00007fffa05d1000 	C:\Windows\SYSTEM32\ntdll.dll
0x00007fff9d810000 - 0x00007fff9d8bd000 	C:\Windows\system32\KERNEL32.DLL
0x00007fff9cca0000 - 0x00007fff9ce88000 	C:\Windows\system32\KERNELBASE.dll
0x00007fff9fb50000 - 0x00007fff9fbf7000 	C:\Windows\system32\ADVAPI32.dll
0x00007fffa02b0000 - 0x00007fffa034d000 	C:\Windows\system32\msvcrt.dll
0x00007fff9f820000 - 0x00007fff9f87b000 	C:\Windows\system32\sechost.dll
0x00007fff9f880000 - 0x00007fff9f99c000 	C:\Windows\system32\RPCRT4.dll
0x00007fff9fee0000 - 0x00007fffa0036000 	C:\Windows\system32\USER32.dll
0x00007fffa0110000 - 0x00007fffa0296000 	C:\Windows\system32\GDI32.dll
0x00007fff8c2d0000 - 0x00007fff8c544000 	C:\Windows\WinSxS\amd64_microsoft.windows.common-controls_6595b64144ccf1df_6.0.10586.494_none_a2d8b04ea53e3145\COMCTL32.dll
0x00007fff9d8c0000 - 0x00007fff9db3d000 	C:\Windows\system32\combase.dll
0x00007fff9cc30000 - 0x00007fff9cc9a000 	C:\Windows\system32\bcryptPrimitives.dll
0x00007fff9fb10000 - 0x00007fff9fb4b000 	C:\Windows\system32\IMM32.DLL
0x0000000072720000 - 0x00000000727f2000 	C:\Program Files\Java\jre1.8.0_221\bin\msvcr100.dll
0x0000000072800000 - 0x00000000730a5000 	C:\Program Files\Java\jre1.8.0_221\bin\server\jvm.dll
0x00007fffa02a0000 - 0x00007fffa02a8000 	C:\Windows\system32\PSAPI.DLL
0x00007fff9ae10000 - 0x00007fff9ae33000 	C:\Windows\SYSTEM32\WINMM.dll
0x00007fff8d6b0000 - 0x00007fff8d6b9000 	C:\Windows\SYSTEM32\WSOCK32.dll
0x00007fff8e190000 - 0x00007fff8e19a000 	C:\Windows\SYSTEM32\VERSION.dll
0x00007fffa00a0000 - 0x00007fffa010b000 	C:\Windows\system32\WS2_32.dll
0x00007fff9abb0000 - 0x00007fff9abdc000 	C:\Windows\SYSTEM32\WINMMBASE.dll
0x00007fff9d6d0000 - 0x00007fff9d713000 	C:\Windows\system32\cfgmgr32.dll
0x00007fff9ac70000 - 0x00007fff9ac7f000 	C:\Program Files\Java\jre1.8.0_221\bin\verify.dll
0x00007fff986f0000 - 0x00007fff98719000 	C:\Program Files\Java\jre1.8.0_221\bin\java.dll
0x00007fff99830000 - 0x00007fff99846000 	C:\Program Files\Java\jre1.8.0_221\bin\zip.dll
0x00007fff9e2b0000 - 0x00007fff9f80c000 	C:\Windows\system32\SHELL32.dll
0x00007fff9ce90000 - 0x00007fff9d4d5000 	C:\Windows\system32\windows.storage.dll
0x00007fffa03b0000 - 0x00007fffa0402000 	C:\Windows\system32\shlwapi.dll
0x00007fff9ca30000 - 0x00007fff9ca3f000 	C:\Windows\system32\kernel.appcore.dll
0x00007fff9cb70000 - 0x00007fff9cc25000 	C:\Windows\system32\shcore.dll
0x00007fff9ca40000 - 0x00007fff9ca8b000 	C:\Windows\system32\powrprof.dll
0x00007fff9ca90000 - 0x00007fff9caa4000 	C:\Windows\system32\profapi.dll
0x00007fff9af20000 - 0x00007fff9af2d000 	C:\Program Files\Java\jre1.8.0_221\bin\management.dll
0x00007fff98910000 - 0x00007fff9892a000 	C:\Program Files\Java\jre1.8.0_221\bin\net.dll
0x00007fff8c060000 - 0x00007fff8c217000 	C:\Windows\SYSTEM32\urlmon.dll
0x00007fff8f860000 - 0x00007fff8fbe4000 	C:\Windows\SYSTEM32\iertutil.dll
0x00007fff9c300000 - 0x00007fff9c35c000 	C:\Windows\system32\mswsock.dll
0x00007fff986d0000 - 0x00007fff986e2000 	C:\Program Files\Java\jre1.8.0_221\bin\nio.dll
0x00007fff82c90000 - 0x00007fff82ca6000 	C:\Windows\system32\napinsp.dll
0x00007fff82cb0000 - 0x00007fff82cca000 	C:\Windows\system32\pnrpnsp.dll
0x00007fff9a0c0000 - 0x00007fff9a0d8000 	C:\Windows\system32\NLAapi.dll
0x00007fff9b470000 - 0x00007fff9b51a000 	C:\Windows\SYSTEM32\DNSAPI.dll
0x00007fff9e0f0000 - 0x00007fff9e0f8000 	C:\Windows\system32\NSI.dll
0x00007fff8dce0000 - 0x00007fff8dced000 	C:\Windows\System32\winrnr.dll
0x00007fff91190000 - 0x00007fff911a5000 	C:\Windows\System32\wshbth.dll
0x00007fff8f290000 - 0x00007fff8f29a000 	C:\Windows\System32\rasadhlp.dll
0x00007fff98b40000 - 0x00007fff98b78000 	C:\Windows\SYSTEM32\IPHLPAPI.DLL
0x00007fff98980000 - 0x00007fff989e7000 	C:\Windows\System32\fwpuclnt.dll
0x00007fff9c960000 - 0x00007fff9c989000 	C:\Windows\SYSTEM32\bcrypt.dll
0x00007fff9c3b0000 - 0x00007fff9c3c7000 	C:\Windows\SYSTEM32\CRYPTSP.dll
0x00007fff9c040000 - 0x00007fff9c074000 	C:\Windows\system32\rsaenh.dll
0x00007fff9c190000 - 0x00007fff9c1af000 	C:\Windows\SYSTEM32\USERENV.dll
0x00007fff9c4d0000 - 0x00007fff9c4db000 	C:\Windows\SYSTEM32\CRYPTBASE.dll
0x00007fff98950000 - 0x00007fff98966000 	C:\Windows\SYSTEM32\dhcpcsvc6.DLL
0x00007fff98930000 - 0x00007fff9894a000 	C:\Windows\SYSTEM32\dhcpcsvc.DLL
0x00007fff8f540000 - 0x00007fff8f564000 	C:\Program Files\Java\jre1.8.0_221\bin\sunec.dll
0x00007fff98a00000 - 0x00007fff98a0b000 	C:\Program Files\Java\jre1.8.0_221\bin\sunmscapi.dll
0x00007fff9d4e0000 - 0x00007fff9d6a8000 	C:\Windows\system32\CRYPT32.dll
0x00007fff9cab0000 - 0x00007fff9cac0000 	C:\Windows\system32\MSASN1.dll

VM Arguments:
jvm_args: -Dcom.sun.management.jmxremote -Dcom.sun.management.jmxremote.port=57339 -Dcom.sun.management.jmxremote.authenticate=false -Dcom.sun.management.jmxremote.ssl=false -Djava.rmi.server.hostname=localhost -Dspring.liveBeansView.mbeanDomain -Dspring.application.admin.enabled=true -Dfile.encoding=UTF-8 
java_command: com.example.demo.DemoApplication
java_class_path (initial): C:\Program Files\Java\jre1.8.0_221\lib\resources.jar;C:\Program Files\Java\jre1.8.0_221\lib\rt.jar;C:\Program Files\Java\jre1.8.0_221\lib\jsse.jar;C:\Program Files\Java\jre1.8.0_221\lib\jce.jar;C:\Program Files\Java\jre1.8.0_221\lib\charsets.jar;C:\Program Files\Java\jre1.8.0_221\lib\jfr.jar;C:\Program Files\Java\jre1.8.0_221\lib\ext\access-bridge-64.jar;C:\Program Files\Java\jre1.8.0_221\lib\ext\cldrdata.jar;C:\Program Files\Java\jre1.8.0_221\lib\ext\dnsns.jar;C:\Program Files\Java\jre1.8.0_221\lib\ext\jaccess.jar;C:\Program Files\Java\jre1.8.0_221\lib\ext\jfxrt.jar;C:\Program Files\Java\jre1.8.0_221\lib\ext\localedata.jar;C:\Program Files\Java\jre1.8.0_221\lib\ext\nashorn.jar;C:\Program Files\Java\jre1.8.0_221\lib\ext\sunec.jar;C:\Program Files\Java\jre1.8.0_221\lib\ext\sunjce_provider.jar;C:\Program Files\Java\jre1.8.0_221\lib\ext\sunmscapi.jar;C:\Program Files\Java\jre1.8.0_221\lib\ext\sunpkcs11.jar;C:\Program Files\Java\jre1.8.0_221\lib\ext\zipfs.jar;D:\Workspace\demo\target\classes;D:\Workspace\springrest4\springrest4\WebContent\WEB-INF\lib\mysql-connector-java-8.0.17.jar;C:\Users\kousik\.m2\repository\org\springframework\boot\spring-boot-starter-data-jpa\2.1.7.RELEASE\spring-boot-starter-data-jpa-2.1.7.RELEASE.jar;C:\Users\kousik\.m2\repository\org\springframework\boot\spring-boot-starter-aop\2.1.7.RELEASE\spring-boot-starter-aop-2.1.7.RELEASE.jar;C:\Users\kousik\.m2\repository\org\aspectj\aspectjweaver\1.9.4\aspectjweaver-1.9.4.jar;C:\Users\kousik\.m2\repository\org\springframework\boot\spring-boot-starter-jdbc\2.1.7.RELEASE\spring-boot-starter-jdbc-2.1.7.RELEASE.jar;C:\Users\kousik\.m2\repository\com\zaxxer\HikariCP\3.2.0\HikariCP-3.2.0.jar;C:\Users\kousik\.m2\repository\org\springframework\spring-jdbc\5.1.9.RELEASE\spring-jdbc-5.1.9.RELEASE.jar;C:\Users\kousik\.m2\repository\javax\transaction\javax.transaction-api\1.3\javax.transaction-api-1.3.jar;C:\Users\kousik\.m2\repository\javax\xml\bind\jaxb-api\2.3.1\jaxb-api-2.3.1.jar;C
Launcher Type: SUN_STANDARD

Environment Variables:
PATH=C:/Program Files/Java/jre1.8.0_221/bin/server;C:/Program Files/Java/jre1.8.0_221/bin;C:/Program Files/Java/jre1.8.0_221/lib/amd64;C:\Program Files (x86)\Common Files\Oracle\Java\javapath;C:\Program Files (x86)\Java\jdk1.8.0_221\bin;C:\Program Files\nodejs\;C:\Windows\System32\wbem;C:\Program Files\Microsoft VS Code\bin;C:\Program Files\MySQL\MySQL Shell 8.0\bin\;C:\Users\kousik\AppData\Roaming\npm;D:\eclipse-jee-oxygen\eclipse;
USERNAME=kousik
OS=Windows_NT
PROCESSOR_IDENTIFIER=Intel64 Family 6 Model 78 Stepping 3, GenuineIntel



---------------  S Y S T E M  ---------------

OS: Windows 10.0 , 64 bit Build 10586 (10.0.10586.0)

CPU:total 4 (initial active 4) (2 cores per cpu, 2 threads per core) family 6 model 78 stepping 3, cmov, cx8, fxsr, mmx, sse, sse2, sse3, ssse3, sse4.1, sse4.2, popcnt, avx, avx2, aes, clmul, erms, 3dnowpref, lzcnt, ht, tsc, tscinvbit, bmi1, bmi2, adx

Memory: 4k page, physical 4066020k(218880k free), swap 9244896k(5184k free)

vm_info: Java HotSpot(TM) 64-Bit Server VM (25.221-b11) for windows-amd64 JRE (1.8.0_221-b11), built on Jul  4 2019 04:39:29 by "java_re" with MS VC++ 10.0 (VS2010)

time: Sun Sep 15 02:08:22 2019
timezone: India Standard Time
elapsed time: 13 seconds (0d 0h 0m 13s)

