#
# There is insufficient memory for the Java Runtime Environment to continue.
# Native memory allocation (malloc) failed to allocate 1038016 bytes for Chunk::new
# Possible reasons:
#   The system is out of physical RAM or swap space
#   The process is running with CompressedOops enabled, and the Java Heap may be blocking the growth of the native heap
# Possible solutions:
#   Reduce memory load on the system
#   Increase physical memory or swap space
#   Check if swap backing store is full
#   Decrease Java heap size (-Xmx/-Xms)
#   Decrease number of Java threads
#   Decrease Java thread stack sizes (-Xss)
#   Set larger code cache with -XX:ReservedCodeCacheSize=
#   JVM is running with Unscaled Compressed Oops mode in which the Java heap is
#     placed in the first 4GB address space. The Java Heap base address is the
#     maximum limit for the native heap growth. Please use -XX:HeapBaseMinAddress
#     to set the Java Heap base and to place the Java Heap above 4GB virtual address.
# This output file may be truncated or incomplete.
#
#  Out of Memory Error (allocation.cpp:389), pid=9460, tid=0x0000000000001100
#
# JRE version: Java(TM) SE Runtime Environment (8.0_221-b11) (build 1.8.0_221-b11)
# Java VM: Java HotSpot(TM) 64-Bit Server VM (25.221-b11 mixed mode windows-amd64 compressed oops)
# Failed to write core dump. Minidumps are not enabled by default on client versions of Windows
#

---------------  T H R E A D  ---------------

Current thread (0x00000000150bb000):  JavaThread "C2 CompilerThread1" daemon [_thread_in_native, id=4352, stack(0x00000000167e0000,0x00000000168e0000)]

Stack: [0x00000000167e0000,0x00000000168e0000]
[error occurred during error reporting (printing stack bounds), id 0xc0000005]

Native frames: (J=compiled Java code, j=interpreted, Vv=VM code, C=native code)


Current CompileTask:
C2:   4701 2209       4       java.net.URLClassLoader$1::run (5 bytes)


---------------  P R O C E S S  ---------------

Java Threads: ( => current thread )
  0x00000000175b0000 JavaThread "RMI TCP Accept-0" daemon [_thread_in_native, id=10448, stack(0x0000000017c20000,0x0000000017d20000)]
  0x00000000175ad000 JavaThread "RMI TCP Accept-58541" daemon [_thread_in_native, id=10420, stack(0x0000000017b20000,0x0000000017c20000)]
  0x00000000175a0000 JavaThread "RMI TCP Accept-0" daemon [_thread_in_native, id=6120, stack(0x0000000017a20000,0x0000000017b20000)]
  0x0000000016a18800 JavaThread "Service Thread" daemon [_thread_blocked, id=2964, stack(0x0000000016de0000,0x0000000016ee0000)]
  0x00000000150c4000 JavaThread "C1 CompilerThread2" daemon [_thread_in_native, id=7500, stack(0x00000000168e0000,0x00000000169e0000)]
=>0x00000000150bb000 JavaThread "C2 CompilerThread1" daemon [_thread_in_native, id=4352, stack(0x00000000167e0000,0x00000000168e0000)]
  0x00000000150b4800 JavaThread "C2 CompilerThread0" daemon [_thread_in_native, id=7856, stack(0x00000000166e0000,0x00000000167e0000)]
  0x00000000150b3800 JavaThread "Attach Listener" daemon [_thread_blocked, id=9480, stack(0x00000000165e0000,0x00000000166e0000)]
  0x00000000150b9800 JavaThread "Signal Dispatcher" daemon [_thread_blocked, id=9592, stack(0x00000000164e0000,0x00000000165e0000)]
  0x000000001509a000 JavaThread "Finalizer" daemon [_thread_blocked, id=12640, stack(0x0000000016300000,0x0000000016400000)]
  0x0000000002ae4000 JavaThread "Reference Handler" daemon [_thread_blocked, id=10568, stack(0x0000000016200000,0x0000000016300000)]
  0x00000000029f5800 JavaThread "main" [_thread_in_Java, id=8852, stack(0x00000000028f0000,0x00000000029f0000)]

Other Threads:
  0x0000000015078000 VMThread [stack: 0x0000000016100000,0x0000000016200000] [id=7056]
  0x00000000175be000 WatcherThread [stack: 0x0000000017d20000,0x0000000017e20000] [id=3292]

VM state:not at safepoint (normal execution)

VM Mutex/Monitor currently owned by a thread: None

heap address: 0x00000000c1e00000, size: 994 MB, Compressed Oops mode: 32-bit
Narrow klass base: 0x0000000000000000, Narrow klass shift: 3
Compressed class space size: 1073741824 Address: 0x0000000100000000

Heap:
 PSYoungGen      total 35328K, used 17076K [0x00000000eb500000, 0x00000000eda00000, 0x0000000100000000)
  eden space 32768K, 44% used [0x00000000eb500000,0x00000000ec334b98,0x00000000ed500000)
  from space 2560K, 98% used [0x00000000ed500000,0x00000000ed778550,0x00000000ed780000)
  to   space 2560K, 0% used [0x00000000ed780000,0x00000000ed780000,0x00000000eda00000)
 ParOldGen       total 33280K, used 13009K [0x00000000c1e00000, 0x00000000c3e80000, 0x00000000eb500000)
  object space 33280K, 39% used [0x00000000c1e00000,0x00000000c2ab4638,0x00000000c3e80000)
 Metaspace       used 26319K, capacity 27172K, committed 27264K, reserved 1073152K
  class space    used 3445K, capacity 3651K, committed 3712K, reserved 1048576K

Card table byte_map: [0x0000000011eb0000,0x00000000120b0000] byte_map_base: 0x00000000118a1000

Marking Bits: (ParMarkBitMap*) 0x0000000073025ce0
 Begin Bits: [0x0000000012600000, 0x0000000013588000)
 End Bits:   [0x0000000013588000, 0x0000000014510000)

Polling page: 0x00000000026d0000

CodeCache: size=245760Kb used=8126Kb max_used=8126Kb free=237633Kb
 bounds [0x0000000002af0000, 0x00000000032f0000, 0x0000000011af0000]
 total_blobs=2689 nmethods=2289 adapters=312
 compilation: enabled

Compilation events (10 events):
Event: 4.610 Thread 0x00000000150c4000 2244       3       org.springframework.context.annotation.ConfigurationClassBeanDefinitionReader$ConfigurationClassBeanDefinition::isFactoryMethod (21 bytes)
Event: 4.611 Thread 0x00000000150c4000 nmethod 2244 0x00000000032b6590 code [0x00000000032b67a0, 0x00000000032b7338]
Event: 4.611 Thread 0x00000000150c4000 2245       3       org.springframework.beans.factory.support.RootBeanDefinition::isFactoryMethod (12 bytes)
Event: 4.612 Thread 0x00000000150c4000 nmethod 2245 0x00000000032b79d0 code [0x00000000032b7b40, 0x00000000032b7e88]
Event: 4.612 Thread 0x00000000150c4000 2246       3       java.util.Collections$SetFromMap::contains (11 bytes)
Event: 4.613 Thread 0x00000000150c4000 nmethod 2246 0x00000000032b7f90 code [0x00000000032b8100, 0x00000000032b8328]
Event: 4.621 Thread 0x00000000150c4000 2247       3       org.springframework.beans.factory.support.AbstractBeanFactory::getMergedLocalBeanDefinition (31 bytes)
Event: 4.621 Thread 0x00000000150c4000 nmethod 2247 0x00000000032b83d0 code [0x00000000032b8560, 0x00000000032b8b28]
Event: 4.637 Thread 0x00000000150c4000 2248       1       org.springframework.beans.factory.support.AbstractBeanDefinition::getScope (5 bytes)
Event: 4.637 Thread 0x00000000150c4000 nmethod 2248 0x00000000032b8c90 code [0x00000000032b8de0, 0x00000000032b8ef0]

GC Heap History (10 events):
Event: 3.477 GC heap before
{Heap before GC invocations=6 (full 0):
 PSYoungGen      total 35328K, used 14821K [0x00000000eb500000, 0x00000000eda00000, 0x0000000100000000)
  eden space 32768K, 37% used [0x00000000eb500000,0x00000000ec0fd4e0,0x00000000ed500000)
  from space 2560K, 99% used [0x00000000ed500000,0x00000000ed77c1a8,0x00000000ed780000)
  to   space 2560K, 0% used [0x00000000ed780000,0x00000000ed780000,0x00000000eda00000)
 ParOldGen       total 44032K, used 9110K [0x00000000c1e00000, 0x00000000c4900000, 0x00000000eb500000)
  object space 44032K, 20% used [0x00000000c1e00000,0x00000000c26e5998,0x00000000c4900000)
 Metaspace       used 20620K, capacity 21178K, committed 21296K, reserved 1067008K
  class space    used 2700K, capacity 2872K, committed 2944K, reserved 1048576K
Event: 3.483 GC heap after
Heap after GC invocations=6 (full 0):
 PSYoungGen      total 35328K, used 2544K [0x00000000eb500000, 0x00000000eda00000, 0x0000000100000000)
  eden space 32768K, 0% used [0x00000000eb500000,0x00000000eb500000,0x00000000ed500000)
  from space 2560K, 99% used [0x00000000ed780000,0x00000000ed9fc188,0x00000000eda00000)
  to   space 2560K, 0% used [0x00000000ed500000,0x00000000ed500000,0x00000000ed780000)
 ParOldGen       total 44032K, used 10873K [0x00000000c1e00000, 0x00000000c4900000, 0x00000000eb500000)
  object space 44032K, 24% used [0x00000000c1e00000,0x00000000c289e588,0x00000000c4900000)
 Metaspace       used 20620K, capacity 21178K, committed 21296K, reserved 1067008K
  class space    used 2700K, capacity 2872K, committed 2944K, reserved 1048576K
}
Event: 3.483 GC heap before
{Heap before GC invocations=7 (full 1):
 PSYoungGen      total 35328K, used 2544K [0x00000000eb500000, 0x00000000eda00000, 0x0000000100000000)
  eden space 32768K, 0% used [0x00000000eb500000,0x00000000eb500000,0x00000000ed500000)
  from space 2560K, 99% used [0x00000000ed780000,0x00000000ed9fc188,0x00000000eda00000)
  to   space 2560K, 0% used [0x00000000ed500000,0x00000000ed500000,0x00000000ed780000)
 ParOldGen       total 44032K, used 10873K [0x00000000c1e00000, 0x00000000c4900000, 0x00000000eb500000)
  object space 44032K, 24% used [0x00000000c1e00000,0x00000000c289e588,0x00000000c4900000)
 Metaspace       used 20620K, capacity 21178K, committed 21296K, reserved 1067008K
  class space    used 2700K, capacity 2872K, committed 2944K, reserved 1048576K
Event: 3.524 GC heap after
Heap after GC invocations=7 (full 1):
 PSYoungGen      total 35328K, used 0K [0x00000000eb500000, 0x00000000eda00000, 0x0000000100000000)
  eden space 32768K, 0% used [0x00000000eb500000,0x00000000eb500000,0x00000000ed500000)
  from space 2560K, 0% used [0x00000000ed780000,0x00000000ed780000,0x00000000eda00000)
  to   space 2560K, 0% used [0x00000000ed500000,0x00000000ed500000,0x00000000ed780000)
 ParOldGen       total 33280K, used 8886K [0x00000000c1e00000, 0x00000000c3e80000, 0x00000000eb500000)
  object space 33280K, 26% used [0x00000000c1e00000,0x00000000c26ad9a0,0x00000000c3e80000)
 Metaspace       used 20620K, capacity 21178K, committed 21296K, reserved 1067008K
  class space    used 2700K, capacity 2872K, committed 2944K, reserved 1048576K
}
Event: 4.031 GC heap before
{Heap before GC invocations=8 (full 1):
 PSYoungGen      total 35328K, used 32768K [0x00000000eb500000, 0x00000000eda00000, 0x0000000100000000)
  eden space 32768K, 100% used [0x00000000eb500000,0x00000000ed500000,0x00000000ed500000)
  from space 2560K, 0% used [0x00000000ed780000,0x00000000ed780000,0x00000000eda00000)
  to   space 2560K, 0% used [0x00000000ed500000,0x00000000ed500000,0x00000000ed780000)
 ParOldGen       total 33280K, used 8886K [0x00000000c1e00000, 0x00000000c3e80000, 0x00000000eb500000)
  object space 33280K, 26% used [0x00000000c1e00000,0x00000000c26ad9a0,0x00000000c3e80000)
 Metaspace       used 23971K, capacity 24580K, committed 24832K, reserved 1071104K
  class space    used 3133K, capacity 3319K, committed 3328K, reserved 1048576K
Event: 4.038 GC heap after
Heap after GC invocations=8 (full 1):
 PSYoungGen      total 35328K, used 2532K [0x00000000eb500000, 0x00000000eda00000, 0x0000000100000000)
  eden space 32768K, 0% used [0x00000000eb500000,0x00000000eb500000,0x00000000ed500000)
  from space 2560K, 98% used [0x00000000ed500000,0x00000000ed779300,0x00000000ed780000)
  to   space 2560K, 0% used [0x00000000ed780000,0x00000000ed780000,0x00000000eda00000)
 ParOldGen       total 33280K, used 10702K [0x00000000c1e00000, 0x00000000c3e80000, 0x00000000eb500000)
  object space 33280K, 32% used [0x00000000c1e00000,0x00000000c2873878,0x00000000c3e80000)
 Metaspace       used 23971K, capacity 24580K, committed 24832K, reserved 1071104K
  class space    used 3133K, capacity 3319K, committed 3328K, reserved 1048576K
}
Event: 4.087 GC heap before
{Heap before GC invocations=9 (full 1):
 PSYoungGen      total 35328K, used 35285K [0x00000000eb500000, 0x00000000eda00000, 0x0000000100000000)
  eden space 32768K, 99% used [0x00000000eb500000,0x00000000ed4fc358,0x00000000ed500000)
  from space 2560K, 98% used [0x00000000ed500000,0x00000000ed779300,0x00000000ed780000)
  to   space 2560K, 0% used [0x00000000ed780000,0x00000000ed780000,0x00000000eda00000)
 ParOldGen       total 33280K, used 10702K [0x00000000c1e00000, 0x00000000c3e80000, 0x00000000eb500000)
  object space 33280K, 32% used [0x00000000c1e00000,0x00000000c2873878,0x00000000c3e80000)
 Metaspace       used 24113K, capacity 24772K, committed 24832K, reserved 1071104K
  class space    used 3152K, capacity 3319K, committed 3328K, reserved 1048576K
Event: 4.093 GC heap after
Heap after GC invocations=9 (full 1):
 PSYoungGen      total 35328K, used 1965K [0x00000000eb500000, 0x00000000eda00000, 0x0000000100000000)
  eden space 32768K, 0% used [0x00000000eb500000,0x00000000eb500000,0x00000000ed500000)
  from space 2560K, 76% used [0x00000000ed780000,0x00000000ed96b6e8,0x00000000eda00000)
  to   space 2560K, 0% used [0x00000000ed500000,0x00000000ed500000,0x00000000ed780000)
 ParOldGen       total 33280K, used 10702K [0x00000000c1e00000, 0x00000000c3e80000, 0x00000000eb500000)
  object space 33280K, 32% used [0x00000000c1e00000,0x00000000c2873878,0x00000000c3e80000)
 Metaspace       used 24113K, capacity 24772K, committed 24832K, reserved 1071104K
  class space    used 3152K, capacity 3319K, committed 3328K, reserved 1048576K
}
Event: 4.461 GC heap before
{Heap before GC invocations=10 (full 1):
 PSYoungGen      total 35328K, used 34733K [0x00000000eb500000, 0x00000000eda00000, 0x0000000100000000)
  eden space 32768K, 100% used [0x00000000eb500000,0x00000000ed500000,0x00000000ed500000)
  from space 2560K, 76% used [0x00000000ed780000,0x00000000ed96b6e8,0x00000000eda00000)
  to   space 2560K, 0% used [0x00000000ed500000,0x00000000ed500000,0x00000000ed780000)
 ParOldGen       total 33280K, used 10702K [0x00000000c1e00000, 0x00000000c3e80000, 0x00000000eb500000)
  object space 33280K, 32% used [0x00000000c1e00000,0x00000000c2873878,0x00000000c3e80000)
 Metaspace       used 25235K, capacity 25960K, committed 26112K, reserved 1071104K
  class space    used 3286K, capacity 3481K, committed 3584K, reserved 1048576K
Event: 4.466 GC heap after
Heap after GC invocations=10 (full 1):
 PSYoungGen      total 35328K, used 2529K [0x00000000eb500000, 0x00000000eda00000, 0x0000000100000000)
  eden space 32768K, 0% used [0x00000000eb500000,0x00000000eb500000,0x00000000ed500000)
  from space 2560K, 98% used [0x00000000ed500000,0x00000000ed778550,0x00000000ed780000)
  to   space 2560K, 0% used [0x00000000ed780000,0x00000000ed780000,0x00000000eda00000)
 ParOldGen       total 33280K, used 13009K [0x00000000c1e00000, 0x00000000c3e80000, 0x00000000eb500000)
  object space 33280K, 39% used [0x00000000c1e00000,0x00000000c2ab4638,0x00000000c3e80000)
 Metaspace       used 25235K, capacity 25960K, committed 26112K, reserved 1071104K
  class space    used 3286K, capacity 3481K, committed 3584K, reserved 1048576K
}

Deoptimization events (10 events):
Event: 3.614 Thread 0x0000000017882800 Uncommon trap: reason=unstable_if action=reinterpret pc=0x0000000002f42e24 method=jdk.internal.org.objectweb.asm.Type.getArgumentsAndReturnSizes(Ljava/lang/String;)I @ 47
Event: 3.794 Thread 0x0000000017882800 Uncommon trap: reason=unstable_if action=reinterpret pc=0x00000000030483e0 method=com.sun.org.apache.xerces.internal.impl.XMLEntityScanner.scanLiteral(ILcom/sun/org/apache/xerces/internal/xni/XMLString;Z)I @ 570
Event: 3.802 Thread 0x0000000017882800 Uncommon trap: reason=unstable_if action=reinterpret pc=0x0000000003035ef4 method=com.sun.org.apache.xerces.internal.impl.XMLEntityScanner.checkBeforeLoad(Lcom/sun/xml/internal/stream/Entity$ScannedEntity;II)I @ 18
Event: 3.835 Thread 0x0000000017882800 Uncommon trap: reason=unstable_if action=reinterpret pc=0x000000000306551c method=com.sun.org.apache.xerces.internal.impl.XMLEntityScanner.skipSpaces()Z @ 125
Event: 3.880 Thread 0x0000000017882800 Uncommon trap: reason=unstable_if action=reinterpret pc=0x0000000003081cc8 method=com.sun.org.apache.xerces.internal.util.SymbolTable.addSymbol([CII)Ljava/lang/String; @ 38
Event: 3.896 Thread 0x0000000017882800 Uncommon trap: reason=unstable_if action=reinterpret pc=0x00000000030d8630 method=com.sun.org.apache.xerces.internal.util.SymbolTable.addSymbol([CII)Ljava/lang/String; @ 38
Event: 4.252 Thread 0x00000000029f5800 Uncommon trap: reason=bimorphic action=maybe_recompile pc=0x0000000002fd71f0 method=java.util.HashMap.putVal(ILjava/lang/Object;Ljava/lang/Object;ZZ)Ljava/lang/Object; @ 253
Event: 4.258 Thread 0x00000000029f5800 Uncommon trap: reason=bimorphic action=maybe_recompile pc=0x0000000002fd71f0 method=java.util.HashMap.putVal(ILjava/lang/Object;Ljava/lang/Object;ZZ)Ljava/lang/Object; @ 253
Event: 4.260 Thread 0x00000000029f5800 Uncommon trap: reason=bimorphic action=maybe_recompile pc=0x0000000002fd71f0 method=java.util.HashMap.putVal(ILjava/lang/Object;Ljava/lang/Object;ZZ)Ljava/lang/Object; @ 253
Event: 4.263 Thread 0x00000000029f5800 Uncommon trap: reason=bimorphic action=maybe_recompile pc=0x0000000002fd71f0 method=java.util.HashMap.putVal(ILjava/lang/Object;Ljava/lang/Object;ZZ)Ljava/lang/Object; @ 253

Classes redefined (0 events):
No events

Internal exceptions (10 events):
Event: 3.415 Thread 0x00000000029f5800 Exception <a 'java/lang/ClassNotFoundException': org/springframework/core/OrderedCustomizer> (0x00000000eb946620) thrown at [C:\re\workspace\8-2-build-windows-amd64-cygwin\jdk8u221\13320\hotspot\src\share\vm\classfile\systemDictionary.cpp, line 210]
Event: 3.416 Thread 0x00000000029f5800 Exception <a 'java/lang/ClassNotFoundException': org/springframework/context/ResourceLoaderAwareCustomizer> (0x00000000eb9593b0) thrown at [C:\re\workspace\8-2-build-windows-amd64-cygwin\jdk8u221\13320\hotspot\src\share\vm\classfile\systemDictionary.cpp, 
Event: 3.416 Thread 0x00000000029f5800 Exception <a 'java/lang/ClassNotFoundException': org/springframework/beans/factory/AwareCustomizer> (0x00000000eb96a9a0) thrown at [C:\re\workspace\8-2-build-windows-amd64-cygwin\jdk8u221\13320\hotspot\src\share\vm\classfile\systemDictionary.cpp, line 210
Event: 3.417 Thread 0x00000000029f5800 Exception <a 'java/lang/ClassNotFoundException': org/springframework/beans/factory/BeanClassLoaderAwareCustomizer> (0x00000000eb97e5b0) thrown at [C:\re\workspace\8-2-build-windows-amd64-cygwin\jdk8u221\13320\hotspot\src\share\vm\classfile\systemDictionar
Event: 3.417 Thread 0x00000000029f5800 Exception <a 'java/lang/ClassNotFoundException': org/springframework/beans/factory/AwareCustomizer> (0x00000000eb98fbb8) thrown at [C:\re\workspace\8-2-build-windows-amd64-cygwin\jdk8u221\13320\hotspot\src\share\vm\classfile\systemDictionary.cpp, line 210
Event: 3.418 Thread 0x00000000029f5800 Exception <a 'java/lang/ClassNotFoundException': org/springframework/context/EnvironmentAwareCustomizer> (0x00000000eb9a1278) thrown at [C:\re\workspace\8-2-build-windows-amd64-cygwin\jdk8u221\13320\hotspot\src\share\vm\classfile\systemDictionary.cpp, lin
Event: 3.419 Thread 0x00000000029f5800 Exception <a 'java/lang/ClassNotFoundException': org/springframework/beans/factory/AwareCustomizer> (0x00000000eb9b2760) thrown at [C:\re\workspace\8-2-build-windows-amd64-cygwin\jdk8u221\13320\hotspot\src\share\vm\classfile\systemDictionary.cpp, line 210
Event: 3.456 Thread 0x00000000029f5800 Exception <a 'java/lang/NoSuchMethodError': java.lang.Object.lambda$comparing$77a9974f$1(Ljava/util/function/Function;Ljava/lang/Object;Ljava/lang/Object;)I> (0x00000000ebe9fa58) thrown at [C:\re\workspace\8-2-build-windows-amd64-cygwin\jdk8u221\13320\hot
Event: 3.619 Thread 0x0000000017882800 Exception <a 'java/lang/IncompatibleClassChangeError': Found class java.lang.Object, but interface was expected> (0x00000000ebfefb88) thrown at [C:\re\workspace\8-2-build-windows-amd64-cygwin\jdk8u221\13320\hotspot\src\share\vm\interpreter\linkResolver.cp
Event: 4.164 Thread 0x00000000029f5800 Exception <a 'java/lang/IncompatibleClassChangeError': Found class java.lang.Object, but interface was expected> (0x00000000ebaf6468) thrown at [C:\re\workspace\8-2-build-windows-amd64-cygwin\jdk8u221\13320\hotspot\src\share\vm\interpreter\linkResolver.cp

Events (10 events):
Event: 4.636 loading class org/springframework/web/servlet/config/annotation/ViewControllerRegistry
Event: 4.636 loading class org/springframework/web/servlet/config/annotation/ViewControllerRegistry done
Event: 4.636 loading class org/springframework/web/servlet/config/annotation/CorsRegistry
Event: 4.636 loading class org/springframework/web/servlet/config/annotation/CorsRegistry done
Event: 4.636 loading class org/springframework/web/servlet/config/annotation/InterceptorRegistry
Event: 4.636 loading class org/springframework/web/servlet/config/annotation/InterceptorRegistry done
Event: 4.637 loading class org/springframework/security/access/prepost/PrePostInvocationAttributeFactory
Event: 4.637 loading class org/springframework/security/access/prepost/PrePostInvocationAttributeFactory done
Event: 4.638 loading class org/springframework/security/access/method/MethodSecurityMetadataSource
Event: 4.638 loading class org/springframework/security/access/method/MethodSecurityMetadataSource done


Dynamic libraries:
0x00007ff603220000 - 0x00007ff603257000 	C:\Program Files\Java\jre1.8.0_221\bin\javaw.exe
0x00007fffa0410000 - 0x00007fffa05d1000 	C:\Windows\SYSTEM32\ntdll.dll
0x00007fff9d810000 - 0x00007fff9d8bd000 	C:\Windows\system32\KERNEL32.DLL
0x00007fff9cca0000 - 0x00007fff9ce88000 	C:\Windows\system32\KERNELBASE.dll
0x00007fff9fb50000 - 0x00007fff9fbf7000 	C:\Windows\system32\ADVAPI32.dll
0x00007fffa02b0000 - 0x00007fffa034d000 	C:\Windows\system32\msvcrt.dll
0x00007fff9f820000 - 0x00007fff9f87b000 	C:\Windows\system32\sechost.dll
0x00007fff9f880000 - 0x00007fff9f99c000 	C:\Windows\system32\RPCRT4.dll
0x00007fff9fee0000 - 0x00007fffa0036000 	C:\Windows\system32\USER32.dll
0x00007fffa0110000 - 0x00007fffa0296000 	C:\Windows\system32\GDI32.dll
0x00007fff8c2d0000 - 0x00007fff8c544000 	C:\Windows\WinSxS\amd64_microsoft.windows.common-controls_6595b64144ccf1df_6.0.10586.494_none_a2d8b04ea53e3145\COMCTL32.dll
0x00007fff9d8c0000 - 0x00007fff9db3d000 	C:\Windows\system32\combase.dll
0x00007fff9cc30000 - 0x00007fff9cc9a000 	C:\Windows\system32\bcryptPrimitives.dll
0x00007fff9fb10000 - 0x00007fff9fb4b000 	C:\Windows\system32\IMM32.DLL
0x0000000072720000 - 0x00000000727f2000 	C:\Program Files\Java\jre1.8.0_221\bin\msvcr100.dll
0x0000000072800000 - 0x00000000730a5000 	C:\Program Files\Java\jre1.8.0_221\bin\server\jvm.dll
0x00007fffa02a0000 - 0x00007fffa02a8000 	C:\Windows\system32\PSAPI.DLL
0x00007fff8e190000 - 0x00007fff8e19a000 	C:\Windows\SYSTEM32\VERSION.dll
0x00007fff9ae10000 - 0x00007fff9ae33000 	C:\Windows\SYSTEM32\WINMM.dll
0x00007fff8d6b0000 - 0x00007fff8d6b9000 	C:\Windows\SYSTEM32\WSOCK32.dll
0x00007fffa00a0000 - 0x00007fffa010b000 	C:\Windows\system32\WS2_32.dll
0x00000000026a0000 - 0x00000000026cc000 	C:\Windows\SYSTEM32\WINMMBASE.dll
0x00007fff9d6d0000 - 0x00007fff9d713000 	C:\Windows\system32\cfgmgr32.dll
0x00007fff9af50000 - 0x00007fff9af5f000 	C:\Program Files\Java\jre1.8.0_221\bin\verify.dll
0x00007fff8e8b0000 - 0x00007fff8e8d9000 	C:\Program Files\Java\jre1.8.0_221\bin\java.dll
0x00007fff8fbf0000 - 0x00007fff8fc06000 	C:\Program Files\Java\jre1.8.0_221\bin\zip.dll
0x00007fff9e2b0000 - 0x00007fff9f80c000 	C:\Windows\system32\SHELL32.dll
0x00007fff9ce90000 - 0x00007fff9d4d5000 	C:\Windows\system32\windows.storage.dll
0x00007fffa03b0000 - 0x00007fffa0402000 	C:\Windows\system32\shlwapi.dll
0x00007fff9ca30000 - 0x00007fff9ca3f000 	C:\Windows\system32\kernel.appcore.dll
0x00007fff9cb70000 - 0x00007fff9cc25000 	C:\Windows\system32\shcore.dll
0x00007fff9ca40000 - 0x00007fff9ca8b000 	C:\Windows\system32\powrprof.dll
0x00007fff9ca90000 - 0x00007fff9caa4000 	C:\Windows\system32\profapi.dll
0x00007fff91fe0000 - 0x00007fff91fed000 	C:\Program Files\Java\jre1.8.0_221\bin\management.dll
0x00007fff8db80000 - 0x00007fff8db9a000 	C:\Program Files\Java\jre1.8.0_221\bin\net.dll
0x00007fff8c060000 - 0x00007fff8c217000 	C:\Windows\SYSTEM32\urlmon.dll
0x00007fff8f860000 - 0x00007fff8fbe4000 	C:\Windows\SYSTEM32\iertutil.dll
0x00007fff9c300000 - 0x00007fff9c35c000 	C:\Windows\system32\mswsock.dll
0x00007fff8c7b0000 - 0x00007fff8c7c2000 	C:\Program Files\Java\jre1.8.0_221\bin\nio.dll
0x00007fff82c90000 - 0x00007fff82ca6000 	C:\Windows\system32\napinsp.dll
0x00007fff82cb0000 - 0x00007fff82cca000 	C:\Windows\system32\pnrpnsp.dll
0x00007fff9a0c0000 - 0x00007fff9a0d8000 	C:\Windows\system32\NLAapi.dll
0x00007fff9b470000 - 0x00007fff9b51a000 	C:\Windows\SYSTEM32\DNSAPI.dll
0x00007fff9e0f0000 - 0x00007fff9e0f8000 	C:\Windows\system32\NSI.dll
0x00007fff8dce0000 - 0x00007fff8dced000 	C:\Windows\System32\winrnr.dll
0x00007fff91190000 - 0x00007fff911a5000 	C:\Windows\System32\wshbth.dll
0x00007fff8f290000 - 0x00007fff8f29a000 	C:\Windows\System32\rasadhlp.dll
0x00007fff98b40000 - 0x00007fff98b78000 	C:\Windows\SYSTEM32\IPHLPAPI.DLL
0x00007fff98980000 - 0x00007fff989e7000 	C:\Windows\System32\fwpuclnt.dll
0x00007fff9c960000 - 0x00007fff9c989000 	C:\Windows\SYSTEM32\bcrypt.dll
0x00007fff9c3b0000 - 0x00007fff9c3c7000 	C:\Windows\SYSTEM32\CRYPTSP.dll
0x00007fff9c040000 - 0x00007fff9c074000 	C:\Windows\system32\rsaenh.dll
0x00007fff9c190000 - 0x00007fff9c1af000 	C:\Windows\SYSTEM32\USERENV.dll
0x00007fff9c4d0000 - 0x00007fff9c4db000 	C:\Windows\SYSTEM32\CRYPTBASE.dll
0x00007fff98950000 - 0x00007fff98966000 	C:\Windows\SYSTEM32\dhcpcsvc6.DLL
0x00007fff98930000 - 0x00007fff9894a000 	C:\Windows\SYSTEM32\dhcpcsvc.DLL

VM Arguments:
jvm_args: -Dcom.sun.management.jmxremote -Dcom.sun.management.jmxremote.port=58541 -Dcom.sun.management.jmxremote.authenticate=false -Dcom.sun.management.jmxremote.ssl=false -Djava.rmi.server.hostname=localhost -Dspring.liveBeansView.mbeanDomain -Dspring.application.admin.enabled=true -Dfile.encoding=UTF-8 
java_command: com.example.demo.DemoApplication
java_class_path (initial): C:\Program Files\Java\jre1.8.0_221\lib\resources.jar;C:\Program Files\Java\jre1.8.0_221\lib\rt.jar;C:\Program Files\Java\jre1.8.0_221\lib\jsse.jar;C:\Program Files\Java\jre1.8.0_221\lib\jce.jar;C:\Program Files\Java\jre1.8.0_221\lib\charsets.jar;C:\Program Files\Java\jre1.8.0_221\lib\jfr.jar;C:\Program Files\Java\jre1.8.0_221\lib\ext\access-bridge-64.jar;C:\Program Files\Java\jre1.8.0_221\lib\ext\cldrdata.jar;C:\Program Files\Java\jre1.8.0_221\lib\ext\dnsns.jar;C:\Program Files\Java\jre1.8.0_221\lib\ext\jaccess.jar;C:\Program Files\Java\jre1.8.0_221\lib\ext\jfxrt.jar;C:\Program Files\Java\jre1.8.0_221\lib\ext\localedata.jar;C:\Program Files\Java\jre1.8.0_221\lib\ext\nashorn.jar;C:\Program Files\Java\jre1.8.0_221\lib\ext\sunec.jar;C:\Program Files\Java\jre1.8.0_221\lib\ext\sunjce_provider.jar;C:\Program Files\Java\jre1.8.0_221\lib\ext\sunmscapi.jar;C:\Program Files\Java\jre1.8.0_221\lib\ext\sunpkcs11.jar;C:\Program Files\Java\jre1.8.0_221\lib\ext\zipfs.jar;D:\Workspace\demo\target\classes;D:\Workspace\springrest4\springrest4\WebContent\WEB-INF\lib\mysql-connector-java-8.0.17.jar;C:\Users\kousik\.m2\repository\org\springframework\boot\spring-boot-starter-data-jpa\2.1.7.RELEASE\spring-boot-starter-data-jpa-2.1.7.RELEASE.jar;C:\Users\kousik\.m2\repository\org\springframework\boot\spring-boot-starter-aop\2.1.7.RELEASE\spring-boot-starter-aop-2.1.7.RELEASE.jar;C:\Users\kousik\.m2\repository\org\aspectj\aspectjweaver\1.9.4\aspectjweaver-1.9.4.jar;C:\Users\kousik\.m2\repository\org\springframework\boot\spring-boot-starter-jdbc\2.1.7.RELEASE\spring-boot-starter-jdbc-2.1.7.RELEASE.jar;C:\Users\kousik\.m2\repository\com\zaxxer\HikariCP\3.2.0\HikariCP-3.2.0.jar;C:\Users\kousik\.m2\repository\org\springframework\spring-jdbc\5.1.9.RELEASE\spring-jdbc-5.1.9.RELEASE.jar;C:\Users\kousik\.m2\repository\javax\transaction\javax.transaction-api\1.3\javax.transaction-api-1.3.jar;C:\Users\kousik\.m2\repository\javax\xml\bind\jaxb-api\2.3.1\jaxb-api-2.3.1.jar;C
Launcher Type: SUN_STANDARD

Environment Variables:
PATH=C:/Program Files/Java/jre1.8.0_221/bin/server;C:/Program Files/Java/jre1.8.0_221/bin;C:/Program Files/Java/jre1.8.0_221/lib/amd64;C:\Program Files (x86)\Common Files\Oracle\Java\javapath;C:\Program Files (x86)\Java\jdk1.8.0_221\bin;C:\Program Files\nodejs\;C:\Windows\System32\wbem;C:\Program Files\Microsoft VS Code\bin;C:\Program Files\MySQL\MySQL Shell 8.0\bin\;C:\Users\kousik\AppData\Roaming\npm;D:\eclipse-jee-oxygen\eclipse;
USERNAME=kousik
OS=Windows_NT
PROCESSOR_IDENTIFIER=Intel64 Family 6 Model 78 Stepping 3, GenuineIntel



---------------  S Y S T E M  ---------------

OS: Windows 10.0 , 64 bit Build 10586 (10.0.10586.0)

CPU:total 4 (initial active 4) (2 cores per cpu, 2 threads per core) family 6 model 78 stepping 3, cmov, cx8, fxsr, mmx, sse, sse2, sse3, ssse3, sse4.1, sse4.2, popcnt, avx, avx2, aes, clmul, erms, 3dnowpref, lzcnt, ht, tsc, tscinvbit, bmi1, bmi2, adx

Memory: 4k page, physical 4066020k(171604k free), swap 9244896k(5544k free)

vm_info: Java HotSpot(TM) 64-Bit Server VM (25.221-b11) for windows-amd64 JRE (1.8.0_221-b11), built on Jul  4 2019 04:39:29 by "java_re" with MS VC++ 10.0 (VS2010)

time: Sun Sep 15 17:51:46 2019
timezone: India Standard Time
elapsed time: 4 seconds (0d 0h 0m 4s)

